[12-Apr-2018 08:28:53 UTC] PHP Parse error:  syntax error, unexpected '?' in /home/burnsdig/public_html/courses/vendor/laravel/framework/src/Illuminate/Foundation/helpers.php on line 233
[12-Apr-2018 08:29:45 UTC] PHP Parse error:  syntax error, unexpected '?' in /home/burnsdig/public_html/courses/vendor/laravel/framework/src/Illuminate/Foundation/helpers.php on line 233
[12-Apr-2018 08:29:52 UTC] PHP Parse error:  syntax error, unexpected '?' in /home/burnsdig/public_html/courses/vendor/laravel/framework/src/Illuminate/Foundation/helpers.php on line 233
[12-Apr-2018 08:29:58 UTC] PHP Parse error:  syntax error, unexpected '?' in /home/burnsdig/public_html/courses/vendor/laravel/framework/src/Illuminate/Foundation/helpers.php on line 233
[12-Apr-2018 08:30:06 UTC] PHP Parse error:  syntax error, unexpected '?' in /home/burnsdig/public_html/courses/vendor/laravel/framework/src/Illuminate/Foundation/helpers.php on line 233
[12-Apr-2018 08:31:02 UTC] PHP Parse error:  syntax error, unexpected '?' in /home/burnsdig/public_html/courses/vendor/laravel/framework/src/Illuminate/Foundation/helpers.php on line 233
[12-Apr-2018 08:31:28 UTC] PHP Parse error:  syntax error, unexpected '?' in /home/burnsdig/public_html/courses/vendor/laravel/framework/src/Illuminate/Foundation/helpers.php on line 233
[12-Apr-2018 08:31:32 UTC] PHP Parse error:  syntax error, unexpected '?' in /home/burnsdig/public_html/courses/vendor/laravel/framework/src/Illuminate/Foundation/helpers.php on line 233
[12-Apr-2018 08:32:00 UTC] PHP Parse error:  syntax error, unexpected '?' in /home/burnsdig/public_html/courses/vendor/laravel/framework/src/Illuminate/Foundation/helpers.php on line 233
[12-Apr-2018 08:32:03 UTC] PHP Parse error:  syntax error, unexpected '?' in /home/burnsdig/public_html/courses/vendor/laravel/framework/src/Illuminate/Foundation/helpers.php on line 233
[12-Apr-2018 08:32:29 UTC] PHP Parse error:  syntax error, unexpected '?' in /home/burnsdig/public_html/courses/vendor/laravel/framework/src/Illuminate/Foundation/helpers.php on line 233
[12-Apr-2018 08:34:11 UTC] PHP Parse error:  syntax error, unexpected '?' in /home/burnsdig/public_html/courses/vendor/laravel/framework/src/Illuminate/Foundation/helpers.php on line 233
[12-Apr-2018 08:34:12 UTC] PHP Parse error:  syntax error, unexpected '?' in /home/burnsdig/public_html/courses/vendor/laravel/framework/src/Illuminate/Foundation/helpers.php on line 233
[12-Apr-2018 08:36:55 UTC] PHP Parse error:  syntax error, unexpected '?' in /home/burnsdig/public_html/courses/vendor/laravel/framework/src/Illuminate/Foundation/helpers.php on line 233
[12-Apr-2018 08:37:15 UTC] PHP Parse error:  syntax error, unexpected '?' in /home/burnsdig/public_html/courses/vendor/laravel/framework/src/Illuminate/Foundation/helpers.php on line 233
[12-Apr-2018 08:38:12 UTC] PHP Parse error:  syntax error, unexpected '?' in /home/burnsdig/public_html/courses/vendor/laravel/framework/src/Illuminate/Foundation/helpers.php on line 233
[12-Apr-2018 08:38:14 UTC] PHP Parse error:  syntax error, unexpected '?' in /home/burnsdig/public_html/courses/vendor/laravel/framework/src/Illuminate/Foundation/helpers.php on line 233
[12-Apr-2018 08:38:53 UTC] PHP Parse error:  syntax error, unexpected '?' in /home/burnsdig/public_html/courses/vendor/laravel/framework/src/Illuminate/Foundation/helpers.php on line 233
[12-Apr-2018 08:38:57 UTC] PHP Parse error:  syntax error, unexpected '?' in /home/burnsdig/public_html/courses/vendor/laravel/framework/src/Illuminate/Foundation/helpers.php on line 233
[12-Apr-2018 08:39:04 UTC] PHP Parse error:  syntax error, unexpected '?' in /home/burnsdig/public_html/courses/vendor/laravel/framework/src/Illuminate/Foundation/helpers.php on line 233
[12-Apr-2018 08:39:33 UTC] PHP Parse error:  syntax error, unexpected '?' in /home/burnsdig/public_html/courses/vendor/laravel/framework/src/Illuminate/Foundation/helpers.php on line 233
[12-Apr-2018 08:40:43 UTC] PHP Parse error:  syntax error, unexpected '?' in /home/burnsdig/public_html/courses/vendor/laravel/framework/src/Illuminate/Foundation/helpers.php on line 233
[12-Apr-2018 08:40:47 UTC] PHP Parse error:  syntax error, unexpected '?' in /home/burnsdig/public_html/courses/vendor/laravel/framework/src/Illuminate/Foundation/helpers.php on line 233
[12-Apr-2018 08:45:13 UTC] PHP Parse error:  syntax error, unexpected '?' in /home/burnsdig/public_html/courses/vendor/laravel/framework/src/Illuminate/Foundation/helpers.php on line 233
[12-Apr-2018 08:45:28 UTC] PHP Parse error:  syntax error, unexpected '?' in /home/burnsdig/public_html/courses/vendor/laravel/framework/src/Illuminate/Foundation/helpers.php on line 233
[12-Apr-2018 08:46:09 UTC] PHP Parse error:  syntax error, unexpected '?' in /home/burnsdig/public_html/courses/vendor/laravel/framework/src/Illuminate/Foundation/helpers.php on line 233
[12-Apr-2018 08:46:09 UTC] PHP Parse error:  syntax error, unexpected '?' in /home/burnsdig/public_html/courses/vendor/laravel/framework/src/Illuminate/Foundation/helpers.php on line 233
[12-Apr-2018 08:46:48 UTC] PHP Parse error:  syntax error, unexpected '?' in /home/burnsdig/public_html/courses/vendor/laravel/framework/src/Illuminate/Foundation/helpers.php on line 233
[12-Apr-2018 08:46:52 UTC] PHP Parse error:  syntax error, unexpected '?' in /home/burnsdig/public_html/courses/vendor/laravel/framework/src/Illuminate/Foundation/helpers.php on line 233
[12-Apr-2018 08:47:07 UTC] PHP Parse error:  syntax error, unexpected '?' in /home/burnsdig/public_html/courses/vendor/laravel/framework/src/Illuminate/Foundation/helpers.php on line 233
[12-Apr-2018 08:47:24 UTC] PHP Parse error:  syntax error, unexpected '?' in /home/burnsdig/public_html/courses/vendor/laravel/framework/src/Illuminate/Foundation/helpers.php on line 233
[12-Apr-2018 08:49:04 UTC] PHP Parse error:  syntax error, unexpected '?' in /home/burnsdig/public_html/courses/vendor/laravel/framework/src/Illuminate/Foundation/helpers.php on line 233
[12-Apr-2018 08:49:05 UTC] PHP Parse error:  syntax error, unexpected '?' in /home/burnsdig/public_html/courses/vendor/laravel/framework/src/Illuminate/Foundation/helpers.php on line 233
[12-Apr-2018 08:49:08 UTC] PHP Parse error:  syntax error, unexpected '?' in /home/burnsdig/public_html/courses/vendor/laravel/framework/src/Illuminate/Foundation/helpers.php on line 233
[12-Apr-2018 08:49:56 UTC] PHP Parse error:  syntax error, unexpected '?' in /home/burnsdig/public_html/courses/vendor/laravel/framework/src/Illuminate/Foundation/helpers.php on line 233
[12-Apr-2018 08:49:58 UTC] PHP Parse error:  syntax error, unexpected '?' in /home/burnsdig/public_html/courses/vendor/laravel/framework/src/Illuminate/Foundation/helpers.php on line 233
[12-Apr-2018 08:51:30 UTC] PHP Parse error:  syntax error, unexpected '?' in /home/burnsdig/public_html/courses/vendor/laravel/framework/src/Illuminate/Foundation/helpers.php on line 233
[12-Apr-2018 08:51:31 UTC] PHP Parse error:  syntax error, unexpected '?' in /home/burnsdig/public_html/courses/vendor/laravel/framework/src/Illuminate/Foundation/helpers.php on line 233
[12-Apr-2018 10:04:39 UTC] PHP Parse error:  syntax error, unexpected '?' in /home/burnsdig/public_html/courses/vendor/laravel/framework/src/Illuminate/Foundation/helpers.php on line 233
[12-Apr-2018 10:05:58 UTC] PHP Parse error:  syntax error, unexpected '?' in /home/burnsdig/public_html/courses/vendor/laravel/framework/src/Illuminate/Foundation/helpers.php on line 233
[12-Apr-2018 14:25:30 UTC] PHP Fatal error:  Uncaught ReflectionException: Class config does not exist in /home/burnsdig/public_html/courses/vendor/laravel/framework/src/Illuminate/Container/Container.php:752
Stack trace:
#0 /home/burnsdig/public_html/courses/vendor/laravel/framework/src/Illuminate/Container/Container.php(752): ReflectionClass->__construct('config')
#1 /home/burnsdig/public_html/courses/vendor/laravel/framework/src/Illuminate/Container/Container.php(631): Illuminate\Container\Container->build('config')
#2 /home/burnsdig/public_html/courses/vendor/laravel/framework/src/Illuminate/Container/Container.php(586): Illuminate\Container\Container->resolve('config', Array)
#3 /home/burnsdig/public_html/courses/vendor/laravel/framework/src/Illuminate/Foundation/Application.php(732): Illuminate\Container\Container->make('config', Array)
#4 /home/burnsdig/public_html/courses/vendor/laravel/framework/src/Illuminate/Foundation/helpers.php(110): Illuminate\Foundation\Application->make('config', Array)
#5 /home/burnsdig/public_html/courses/vendor/larav in /home/burnsdig/public_html/courses/vendor/laravel/framework/src/Illuminate/Container/Container.php on line 752
[12-Apr-2018 14:26:06 UTC] PHP Fatal error:  Uncaught ReflectionException: Class config does not exist in /home/burnsdig/public_html/courses/vendor/laravel/framework/src/Illuminate/Container/Container.php:752
Stack trace:
#0 /home/burnsdig/public_html/courses/vendor/laravel/framework/src/Illuminate/Container/Container.php(752): ReflectionClass->__construct('config')
#1 /home/burnsdig/public_html/courses/vendor/laravel/framework/src/Illuminate/Container/Container.php(631): Illuminate\Container\Container->build('config')
#2 /home/burnsdig/public_html/courses/vendor/laravel/framework/src/Illuminate/Container/Container.php(586): Illuminate\Container\Container->resolve('config', Array)
#3 /home/burnsdig/public_html/courses/vendor/laravel/framework/src/Illuminate/Foundation/Application.php(732): Illuminate\Container\Container->make('config', Array)
#4 /home/burnsdig/public_html/courses/vendor/laravel/framework/src/Illuminate/Foundation/helpers.php(110): Illuminate\Foundation\Application->make('config', Array)
#5 /home/burnsdig/public_html/courses/vendor/larav in /home/burnsdig/public_html/courses/vendor/laravel/framework/src/Illuminate/Container/Container.php on line 752
[12-Apr-2018 14:26:08 UTC] PHP Fatal error:  Uncaught ReflectionException: Class config does not exist in /home/burnsdig/public_html/courses/vendor/laravel/framework/src/Illuminate/Container/Container.php:752
Stack trace:
#0 /home/burnsdig/public_html/courses/vendor/laravel/framework/src/Illuminate/Container/Container.php(752): ReflectionClass->__construct('config')
#1 /home/burnsdig/public_html/courses/vendor/laravel/framework/src/Illuminate/Container/Container.php(631): Illuminate\Container\Container->build('config')
#2 /home/burnsdig/public_html/courses/vendor/laravel/framework/src/Illuminate/Container/Container.php(586): Illuminate\Container\Container->resolve('config', Array)
#3 /home/burnsdig/public_html/courses/vendor/laravel/framework/src/Illuminate/Foundation/Application.php(732): Illuminate\Container\Container->make('config', Array)
#4 /home/burnsdig/public_html/courses/vendor/laravel/framework/src/Illuminate/Foundation/helpers.php(110): Illuminate\Foundation\Application->make('config', Array)
#5 /home/burnsdig/public_html/courses/vendor/larav in /home/burnsdig/public_html/courses/vendor/laravel/framework/src/Illuminate/Container/Container.php on line 752
[12-Apr-2018 14:26:10 UTC] PHP Fatal error:  Uncaught ReflectionException: Class config does not exist in /home/burnsdig/public_html/courses/vendor/laravel/framework/src/Illuminate/Container/Container.php:752
Stack trace:
#0 /home/burnsdig/public_html/courses/vendor/laravel/framework/src/Illuminate/Container/Container.php(752): ReflectionClass->__construct('config')
#1 /home/burnsdig/public_html/courses/vendor/laravel/framework/src/Illuminate/Container/Container.php(631): Illuminate\Container\Container->build('config')
#2 /home/burnsdig/public_html/courses/vendor/laravel/framework/src/Illuminate/Container/Container.php(586): Illuminate\Container\Container->resolve('config', Array)
#3 /home/burnsdig/public_html/courses/vendor/laravel/framework/src/Illuminate/Foundation/Application.php(732): Illuminate\Container\Container->make('config', Array)
#4 /home/burnsdig/public_html/courses/vendor/laravel/framework/src/Illuminate/Foundation/helpers.php(110): Illuminate\Foundation\Application->make('config', Array)
#5 /home/burnsdig/public_html/courses/vendor/larav in /home/burnsdig/public_html/courses/vendor/laravel/framework/src/Illuminate/Container/Container.php on line 752
[12-Apr-2018 14:26:13 UTC] PHP Fatal error:  Uncaught ReflectionException: Class config does not exist in /home/burnsdig/public_html/courses/vendor/laravel/framework/src/Illuminate/Container/Container.php:752
Stack trace:
#0 /home/burnsdig/public_html/courses/vendor/laravel/framework/src/Illuminate/Container/Container.php(752): ReflectionClass->__construct('config')
#1 /home/burnsdig/public_html/courses/vendor/laravel/framework/src/Illuminate/Container/Container.php(631): Illuminate\Container\Container->build('config')
#2 /home/burnsdig/public_html/courses/vendor/laravel/framework/src/Illuminate/Container/Container.php(586): Illuminate\Container\Container->resolve('config', Array)
#3 /home/burnsdig/public_html/courses/vendor/laravel/framework/src/Illuminate/Foundation/Application.php(732): Illuminate\Container\Container->make('config', Array)
#4 /home/burnsdig/public_html/courses/vendor/laravel/framework/src/Illuminate/Foundation/helpers.php(110): Illuminate\Foundation\Application->make('config', Array)
#5 /home/burnsdig/public_html/courses/vendor/larav in /home/burnsdig/public_html/courses/vendor/laravel/framework/src/Illuminate/Container/Container.php on line 752
[12-Apr-2018 14:26:14 UTC] PHP Fatal error:  Uncaught ReflectionException: Class config does not exist in /home/burnsdig/public_html/courses/vendor/laravel/framework/src/Illuminate/Container/Container.php:752
Stack trace:
#0 /home/burnsdig/public_html/courses/vendor/laravel/framework/src/Illuminate/Container/Container.php(752): ReflectionClass->__construct('config')
#1 /home/burnsdig/public_html/courses/vendor/laravel/framework/src/Illuminate/Container/Container.php(631): Illuminate\Container\Container->build('config')
#2 /home/burnsdig/public_html/courses/vendor/laravel/framework/src/Illuminate/Container/Container.php(586): Illuminate\Container\Container->resolve('config', Array)
#3 /home/burnsdig/public_html/courses/vendor/laravel/framework/src/Illuminate/Foundation/Application.php(732): Illuminate\Container\Container->make('config', Array)
#4 /home/burnsdig/public_html/courses/vendor/laravel/framework/src/Illuminate/Foundation/helpers.php(110): Illuminate\Foundation\Application->make('config', Array)
#5 /home/burnsdig/public_html/courses/vendor/larav in /home/burnsdig/public_html/courses/vendor/laravel/framework/src/Illuminate/Container/Container.php on line 752
[12-Apr-2018 14:26:14 UTC] PHP Fatal error:  Uncaught ReflectionException: Class config does not exist in /home/burnsdig/public_html/courses/vendor/laravel/framework/src/Illuminate/Container/Container.php:752
Stack trace:
#0 /home/burnsdig/public_html/courses/vendor/laravel/framework/src/Illuminate/Container/Container.php(752): ReflectionClass->__construct('config')
#1 /home/burnsdig/public_html/courses/vendor/laravel/framework/src/Illuminate/Container/Container.php(631): Illuminate\Container\Container->build('config')
#2 /home/burnsdig/public_html/courses/vendor/laravel/framework/src/Illuminate/Container/Container.php(586): Illuminate\Container\Container->resolve('config', Array)
#3 /home/burnsdig/public_html/courses/vendor/laravel/framework/src/Illuminate/Foundation/Application.php(732): Illuminate\Container\Container->make('config', Array)
#4 /home/burnsdig/public_html/courses/vendor/laravel/framework/src/Illuminate/Foundation/helpers.php(110): Illuminate\Foundation\Application->make('config', Array)
#5 /home/burnsdig/public_html/courses/vendor/larav in /home/burnsdig/public_html/courses/vendor/laravel/framework/src/Illuminate/Container/Container.php on line 752
[12-Apr-2018 14:26:21 UTC] PHP Fatal error:  Uncaught ReflectionException: Class config does not exist in /home/burnsdig/public_html/courses/vendor/laravel/framework/src/Illuminate/Container/Container.php:752
Stack trace:
#0 /home/burnsdig/public_html/courses/vendor/laravel/framework/src/Illuminate/Container/Container.php(752): ReflectionClass->__construct('config')
#1 /home/burnsdig/public_html/courses/vendor/laravel/framework/src/Illuminate/Container/Container.php(631): Illuminate\Container\Container->build('config')
#2 /home/burnsdig/public_html/courses/vendor/laravel/framework/src/Illuminate/Container/Container.php(586): Illuminate\Container\Container->resolve('config', Array)
#3 /home/burnsdig/public_html/courses/vendor/laravel/framework/src/Illuminate/Foundation/Application.php(732): Illuminate\Container\Container->make('config', Array)
#4 /home/burnsdig/public_html/courses/vendor/laravel/framework/src/Illuminate/Foundation/helpers.php(110): Illuminate\Foundation\Application->make('config', Array)
#5 /home/burnsdig/public_html/courses/vendor/larav in /home/burnsdig/public_html/courses/vendor/laravel/framework/src/Illuminate/Container/Container.php on line 752
[12-Apr-2018 14:27:02 UTC] PHP Fatal error:  Uncaught ReflectionException: Class config does not exist in /home/burnsdig/public_html/courses/vendor/laravel/framework/src/Illuminate/Container/Container.php:752
Stack trace:
#0 /home/burnsdig/public_html/courses/vendor/laravel/framework/src/Illuminate/Container/Container.php(752): ReflectionClass->__construct('config')
#1 /home/burnsdig/public_html/courses/vendor/laravel/framework/src/Illuminate/Container/Container.php(631): Illuminate\Container\Container->build('config')
#2 /home/burnsdig/public_html/courses/vendor/laravel/framework/src/Illuminate/Container/Container.php(586): Illuminate\Container\Container->resolve('config', Array)
#3 /home/burnsdig/public_html/courses/vendor/laravel/framework/src/Illuminate/Foundation/Application.php(732): Illuminate\Container\Container->make('config', Array)
#4 /home/burnsdig/public_html/courses/vendor/laravel/framework/src/Illuminate/Foundation/helpers.php(110): Illuminate\Foundation\Application->make('config', Array)
#5 /home/burnsdig/public_html/courses/vendor/larav in /home/burnsdig/public_html/courses/vendor/laravel/framework/src/Illuminate/Container/Container.php on line 752
[12-Apr-2018 14:27:05 UTC] PHP Fatal error:  Uncaught ReflectionException: Class config does not exist in /home/burnsdig/public_html/courses/vendor/laravel/framework/src/Illuminate/Container/Container.php:752
Stack trace:
#0 /home/burnsdig/public_html/courses/vendor/laravel/framework/src/Illuminate/Container/Container.php(752): ReflectionClass->__construct('config')
#1 /home/burnsdig/public_html/courses/vendor/laravel/framework/src/Illuminate/Container/Container.php(631): Illuminate\Container\Container->build('config')
#2 /home/burnsdig/public_html/courses/vendor/laravel/framework/src/Illuminate/Container/Container.php(586): Illuminate\Container\Container->resolve('config', Array)
#3 /home/burnsdig/public_html/courses/vendor/laravel/framework/src/Illuminate/Foundation/Application.php(732): Illuminate\Container\Container->make('config', Array)
#4 /home/burnsdig/public_html/courses/vendor/laravel/framework/src/Illuminate/Foundation/helpers.php(110): Illuminate\Foundation\Application->make('config', Array)
#5 /home/burnsdig/public_html/courses/vendor/larav in /home/burnsdig/public_html/courses/vendor/laravel/framework/src/Illuminate/Container/Container.php on line 752
[12-Apr-2018 14:27:26 UTC] PHP Fatal error:  Uncaught ReflectionException: Class config does not exist in /home/burnsdig/public_html/courses/vendor/laravel/framework/src/Illuminate/Container/Container.php:752
Stack trace:
#0 /home/burnsdig/public_html/courses/vendor/laravel/framework/src/Illuminate/Container/Container.php(752): ReflectionClass->__construct('config')
#1 /home/burnsdig/public_html/courses/vendor/laravel/framework/src/Illuminate/Container/Container.php(631): Illuminate\Container\Container->build('config')
#2 /home/burnsdig/public_html/courses/vendor/laravel/framework/src/Illuminate/Container/Container.php(586): Illuminate\Container\Container->resolve('config', Array)
#3 /home/burnsdig/public_html/courses/vendor/laravel/framework/src/Illuminate/Foundation/Application.php(732): Illuminate\Container\Container->make('config', Array)
#4 /home/burnsdig/public_html/courses/vendor/laravel/framework/src/Illuminate/Foundation/helpers.php(110): Illuminate\Foundation\Application->make('config', Array)
#5 /home/burnsdig/public_html/courses/vendor/larav in /home/burnsdig/public_html/courses/vendor/laravel/framework/src/Illuminate/Container/Container.php on line 752
[12-Apr-2018 14:27:28 UTC] PHP Fatal error:  Uncaught ReflectionException: Class config does not exist in /home/burnsdig/public_html/courses/vendor/laravel/framework/src/Illuminate/Container/Container.php:752
Stack trace:
#0 /home/burnsdig/public_html/courses/vendor/laravel/framework/src/Illuminate/Container/Container.php(752): ReflectionClass->__construct('config')
#1 /home/burnsdig/public_html/courses/vendor/laravel/framework/src/Illuminate/Container/Container.php(631): Illuminate\Container\Container->build('config')
#2 /home/burnsdig/public_html/courses/vendor/laravel/framework/src/Illuminate/Container/Container.php(586): Illuminate\Container\Container->resolve('config', Array)
#3 /home/burnsdig/public_html/courses/vendor/laravel/framework/src/Illuminate/Foundation/Application.php(732): Illuminate\Container\Container->make('config', Array)
#4 /home/burnsdig/public_html/courses/vendor/laravel/framework/src/Illuminate/Foundation/helpers.php(110): Illuminate\Foundation\Application->make('config', Array)
#5 /home/burnsdig/public_html/courses/vendor/larav in /home/burnsdig/public_html/courses/vendor/laravel/framework/src/Illuminate/Container/Container.php on line 752
[12-Apr-2018 14:27:32 UTC] PHP Fatal error:  Uncaught ReflectionException: Class config does not exist in /home/burnsdig/public_html/courses/vendor/laravel/framework/src/Illuminate/Container/Container.php:752
Stack trace:
#0 /home/burnsdig/public_html/courses/vendor/laravel/framework/src/Illuminate/Container/Container.php(752): ReflectionClass->__construct('config')
#1 /home/burnsdig/public_html/courses/vendor/laravel/framework/src/Illuminate/Container/Container.php(631): Illuminate\Container\Container->build('config')
#2 /home/burnsdig/public_html/courses/vendor/laravel/framework/src/Illuminate/Container/Container.php(586): Illuminate\Container\Container->resolve('config', Array)
#3 /home/burnsdig/public_html/courses/vendor/laravel/framework/src/Illuminate/Foundation/Application.php(732): Illuminate\Container\Container->make('config', Array)
#4 /home/burnsdig/public_html/courses/vendor/laravel/framework/src/Illuminate/Foundation/helpers.php(110): Illuminate\Foundation\Application->make('config', Array)
#5 /home/burnsdig/public_html/courses/vendor/larav in /home/burnsdig/public_html/courses/vendor/laravel/framework/src/Illuminate/Container/Container.php on line 752
[12-Apr-2018 14:28:18 UTC] PHP Fatal error:  Uncaught ReflectionException: Class config does not exist in /home/burnsdig/public_html/courses/vendor/laravel/framework/src/Illuminate/Container/Container.php:752
Stack trace:
#0 /home/burnsdig/public_html/courses/vendor/laravel/framework/src/Illuminate/Container/Container.php(752): ReflectionClass->__construct('config')
#1 /home/burnsdig/public_html/courses/vendor/laravel/framework/src/Illuminate/Container/Container.php(631): Illuminate\Container\Container->build('config')
#2 /home/burnsdig/public_html/courses/vendor/laravel/framework/src/Illuminate/Container/Container.php(586): Illuminate\Container\Container->resolve('config', Array)
#3 /home/burnsdig/public_html/courses/vendor/laravel/framework/src/Illuminate/Foundation/Application.php(732): Illuminate\Container\Container->make('config', Array)
#4 /home/burnsdig/public_html/courses/vendor/laravel/framework/src/Illuminate/Foundation/helpers.php(110): Illuminate\Foundation\Application->make('config', Array)
#5 /home/burnsdig/public_html/courses/vendor/larav in /home/burnsdig/public_html/courses/vendor/laravel/framework/src/Illuminate/Container/Container.php on line 752
[12-Apr-2018 14:28:21 UTC] PHP Fatal error:  Uncaught ReflectionException: Class config does not exist in /home/burnsdig/public_html/courses/vendor/laravel/framework/src/Illuminate/Container/Container.php:752
Stack trace:
#0 /home/burnsdig/public_html/courses/vendor/laravel/framework/src/Illuminate/Container/Container.php(752): ReflectionClass->__construct('config')
#1 /home/burnsdig/public_html/courses/vendor/laravel/framework/src/Illuminate/Container/Container.php(631): Illuminate\Container\Container->build('config')
#2 /home/burnsdig/public_html/courses/vendor/laravel/framework/src/Illuminate/Container/Container.php(586): Illuminate\Container\Container->resolve('config', Array)
#3 /home/burnsdig/public_html/courses/vendor/laravel/framework/src/Illuminate/Foundation/Application.php(732): Illuminate\Container\Container->make('config', Array)
#4 /home/burnsdig/public_html/courses/vendor/laravel/framework/src/Illuminate/Foundation/helpers.php(110): Illuminate\Foundation\Application->make('config', Array)
#5 /home/burnsdig/public_html/courses/vendor/larav in /home/burnsdig/public_html/courses/vendor/laravel/framework/src/Illuminate/Container/Container.php on line 752
[12-Apr-2018 14:30:57 UTC] PHP Fatal error:  Uncaught ReflectionException: Class config does not exist in /home/burnsdig/public_html/courses/vendor/laravel/framework/src/Illuminate/Container/Container.php:752
Stack trace:
#0 /home/burnsdig/public_html/courses/vendor/laravel/framework/src/Illuminate/Container/Container.php(752): ReflectionClass->__construct('config')
#1 /home/burnsdig/public_html/courses/vendor/laravel/framework/src/Illuminate/Container/Container.php(631): Illuminate\Container\Container->build('config')
#2 /home/burnsdig/public_html/courses/vendor/laravel/framework/src/Illuminate/Container/Container.php(586): Illuminate\Container\Container->resolve('config', Array)
#3 /home/burnsdig/public_html/courses/vendor/laravel/framework/src/Illuminate/Foundation/Application.php(732): Illuminate\Container\Container->make('config', Array)
#4 /home/burnsdig/public_html/courses/vendor/laravel/framework/src/Illuminate/Foundation/helpers.php(110): Illuminate\Foundation\Application->make('config', Array)
#5 /home/burnsdig/public_html/courses/vendor/larav in /home/burnsdig/public_html/courses/vendor/laravel/framework/src/Illuminate/Container/Container.php on line 752
[12-Apr-2018 14:34:24 UTC] PHP Fatal error:  Uncaught ReflectionException: Class config does not exist in /home/burnsdig/public_html/courses/vendor/laravel/framework/src/Illuminate/Container/Container.php:752
Stack trace:
#0 /home/burnsdig/public_html/courses/vendor/laravel/framework/src/Illuminate/Container/Container.php(752): ReflectionClass->__construct('config')
#1 /home/burnsdig/public_html/courses/vendor/laravel/framework/src/Illuminate/Container/Container.php(631): Illuminate\Container\Container->build('config')
#2 /home/burnsdig/public_html/courses/vendor/laravel/framework/src/Illuminate/Container/Container.php(586): Illuminate\Container\Container->resolve('config', Array)
#3 /home/burnsdig/public_html/courses/vendor/laravel/framework/src/Illuminate/Foundation/Application.php(732): Illuminate\Container\Container->make('config', Array)
#4 /home/burnsdig/public_html/courses/vendor/laravel/framework/src/Illuminate/Foundation/helpers.php(110): Illuminate\Foundation\Application->make('config', Array)
#5 /home/burnsdig/public_html/courses/vendor/larav in /home/burnsdig/public_html/courses/vendor/laravel/framework/src/Illuminate/Container/Container.php on line 752
[12-Apr-2018 14:34:29 UTC] PHP Fatal error:  Uncaught ReflectionException: Class config does not exist in /home/burnsdig/public_html/courses/vendor/laravel/framework/src/Illuminate/Container/Container.php:752
Stack trace:
#0 /home/burnsdig/public_html/courses/vendor/laravel/framework/src/Illuminate/Container/Container.php(752): ReflectionClass->__construct('config')
#1 /home/burnsdig/public_html/courses/vendor/laravel/framework/src/Illuminate/Container/Container.php(631): Illuminate\Container\Container->build('config')
#2 /home/burnsdig/public_html/courses/vendor/laravel/framework/src/Illuminate/Container/Container.php(586): Illuminate\Container\Container->resolve('config', Array)
#3 /home/burnsdig/public_html/courses/vendor/laravel/framework/src/Illuminate/Foundation/Application.php(732): Illuminate\Container\Container->make('config', Array)
#4 /home/burnsdig/public_html/courses/vendor/laravel/framework/src/Illuminate/Foundation/helpers.php(110): Illuminate\Foundation\Application->make('config', Array)
#5 /home/burnsdig/public_html/courses/vendor/larav in /home/burnsdig/public_html/courses/vendor/laravel/framework/src/Illuminate/Container/Container.php on line 752
[12-Apr-2018 14:34:33 UTC] PHP Fatal error:  Uncaught ReflectionException: Class config does not exist in /home/burnsdig/public_html/courses/vendor/laravel/framework/src/Illuminate/Container/Container.php:752
Stack trace:
#0 /home/burnsdig/public_html/courses/vendor/laravel/framework/src/Illuminate/Container/Container.php(752): ReflectionClass->__construct('config')
#1 /home/burnsdig/public_html/courses/vendor/laravel/framework/src/Illuminate/Container/Container.php(631): Illuminate\Container\Container->build('config')
#2 /home/burnsdig/public_html/courses/vendor/laravel/framework/src/Illuminate/Container/Container.php(586): Illuminate\Container\Container->resolve('config', Array)
#3 /home/burnsdig/public_html/courses/vendor/laravel/framework/src/Illuminate/Foundation/Application.php(732): Illuminate\Container\Container->make('config', Array)
#4 /home/burnsdig/public_html/courses/vendor/laravel/framework/src/Illuminate/Foundation/helpers.php(110): Illuminate\Foundation\Application->make('config', Array)
#5 /home/burnsdig/public_html/courses/vendor/larav in /home/burnsdig/public_html/courses/vendor/laravel/framework/src/Illuminate/Container/Container.php on line 752
[29-Apr-2018 15:04:31 UTC] PHP Fatal error:  Uncaught ReflectionException: Class config does not exist in /home/burnsdig/public_html/courses/vendor/laravel/framework/src/Illuminate/Container/Container.php:752
Stack trace:
#0 /home/burnsdig/public_html/courses/vendor/laravel/framework/src/Illuminate/Container/Container.php(752): ReflectionClass->__construct('config')
#1 /home/burnsdig/public_html/courses/vendor/laravel/framework/src/Illuminate/Container/Container.php(631): Illuminate\Container\Container->build('config')
#2 /home/burnsdig/public_html/courses/vendor/laravel/framework/src/Illuminate/Container/Container.php(586): Illuminate\Container\Container->resolve('config', Array)
#3 /home/burnsdig/public_html/courses/vendor/laravel/framework/src/Illuminate/Foundation/Application.php(732): Illuminate\Container\Container->make('config', Array)
#4 /home/burnsdig/public_html/courses/vendor/laravel/framework/src/Illuminate/Foundation/helpers.php(110): Illuminate\Foundation\Application->make('config', Array)
#5 /home/burnsdig/public_html/courses/vendor/larav in /home/burnsdig/public_html/courses/vendor/laravel/framework/src/Illuminate/Container/Container.php on line 752
[29-Apr-2018 15:04:36 UTC] PHP Fatal error:  Uncaught ReflectionException: Class config does not exist in /home/burnsdig/public_html/courses/vendor/laravel/framework/src/Illuminate/Container/Container.php:752
Stack trace:
#0 /home/burnsdig/public_html/courses/vendor/laravel/framework/src/Illuminate/Container/Container.php(752): ReflectionClass->__construct('config')
#1 /home/burnsdig/public_html/courses/vendor/laravel/framework/src/Illuminate/Container/Container.php(631): Illuminate\Container\Container->build('config')
#2 /home/burnsdig/public_html/courses/vendor/laravel/framework/src/Illuminate/Container/Container.php(586): Illuminate\Container\Container->resolve('config', Array)
#3 /home/burnsdig/public_html/courses/vendor/laravel/framework/src/Illuminate/Foundation/Application.php(732): Illuminate\Container\Container->make('config', Array)
#4 /home/burnsdig/public_html/courses/vendor/laravel/framework/src/Illuminate/Foundation/helpers.php(110): Illuminate\Foundation\Application->make('config', Array)
#5 /home/burnsdig/public_html/courses/vendor/larav in /home/burnsdig/public_html/courses/vendor/laravel/framework/src/Illuminate/Container/Container.php on line 752
[29-Apr-2018 15:04:40 UTC] PHP Fatal error:  Uncaught ReflectionException: Class config does not exist in /home/burnsdig/public_html/courses/vendor/laravel/framework/src/Illuminate/Container/Container.php:752
Stack trace:
#0 /home/burnsdig/public_html/courses/vendor/laravel/framework/src/Illuminate/Container/Container.php(752): ReflectionClass->__construct('config')
#1 /home/burnsdig/public_html/courses/vendor/laravel/framework/src/Illuminate/Container/Container.php(631): Illuminate\Container\Container->build('config')
#2 /home/burnsdig/public_html/courses/vendor/laravel/framework/src/Illuminate/Container/Container.php(586): Illuminate\Container\Container->resolve('config', Array)
#3 /home/burnsdig/public_html/courses/vendor/laravel/framework/src/Illuminate/Foundation/Application.php(732): Illuminate\Container\Container->make('config', Array)
#4 /home/burnsdig/public_html/courses/vendor/laravel/framework/src/Illuminate/Foundation/helpers.php(110): Illuminate\Foundation\Application->make('config', Array)
#5 /home/burnsdig/public_html/courses/vendor/larav in /home/burnsdig/public_html/courses/vendor/laravel/framework/src/Illuminate/Container/Container.php on line 752
[29-Apr-2018 15:04:51 UTC] PHP Fatal error:  Uncaught ReflectionException: Class config does not exist in /home/burnsdig/public_html/courses/vendor/laravel/framework/src/Illuminate/Container/Container.php:752
Stack trace:
#0 /home/burnsdig/public_html/courses/vendor/laravel/framework/src/Illuminate/Container/Container.php(752): ReflectionClass->__construct('config')
#1 /home/burnsdig/public_html/courses/vendor/laravel/framework/src/Illuminate/Container/Container.php(631): Illuminate\Container\Container->build('config')
#2 /home/burnsdig/public_html/courses/vendor/laravel/framework/src/Illuminate/Container/Container.php(586): Illuminate\Container\Container->resolve('config', Array)
#3 /home/burnsdig/public_html/courses/vendor/laravel/framework/src/Illuminate/Foundation/Application.php(732): Illuminate\Container\Container->make('config', Array)
#4 /home/burnsdig/public_html/courses/vendor/laravel/framework/src/Illuminate/Foundation/helpers.php(110): Illuminate\Foundation\Application->make('config', Array)
#5 /home/burnsdig/public_html/courses/vendor/larav in /home/burnsdig/public_html/courses/vendor/laravel/framework/src/Illuminate/Container/Container.php on line 752
[29-Apr-2018 15:04:53 UTC] PHP Fatal error:  Uncaught ReflectionException: Class config does not exist in /home/burnsdig/public_html/courses/vendor/laravel/framework/src/Illuminate/Container/Container.php:752
Stack trace:
#0 /home/burnsdig/public_html/courses/vendor/laravel/framework/src/Illuminate/Container/Container.php(752): ReflectionClass->__construct('config')
#1 /home/burnsdig/public_html/courses/vendor/laravel/framework/src/Illuminate/Container/Container.php(631): Illuminate\Container\Container->build('config')
#2 /home/burnsdig/public_html/courses/vendor/laravel/framework/src/Illuminate/Container/Container.php(586): Illuminate\Container\Container->resolve('config', Array)
#3 /home/burnsdig/public_html/courses/vendor/laravel/framework/src/Illuminate/Foundation/Application.php(732): Illuminate\Container\Container->make('config', Array)
#4 /home/burnsdig/public_html/courses/vendor/laravel/framework/src/Illuminate/Foundation/helpers.php(110): Illuminate\Foundation\Application->make('config', Array)
#5 /home/burnsdig/public_html/courses/vendor/larav in /home/burnsdig/public_html/courses/vendor/laravel/framework/src/Illuminate/Container/Container.php on line 752
[29-Apr-2018 15:04:59 UTC] PHP Fatal error:  Uncaught ReflectionException: Class config does not exist in /home/burnsdig/public_html/courses/vendor/laravel/framework/src/Illuminate/Container/Container.php:752
Stack trace:
#0 /home/burnsdig/public_html/courses/vendor/laravel/framework/src/Illuminate/Container/Container.php(752): ReflectionClass->__construct('config')
#1 /home/burnsdig/public_html/courses/vendor/laravel/framework/src/Illuminate/Container/Container.php(631): Illuminate\Container\Container->build('config')
#2 /home/burnsdig/public_html/courses/vendor/laravel/framework/src/Illuminate/Container/Container.php(586): Illuminate\Container\Container->resolve('config', Array)
#3 /home/burnsdig/public_html/courses/vendor/laravel/framework/src/Illuminate/Foundation/Application.php(732): Illuminate\Container\Container->make('config', Array)
#4 /home/burnsdig/public_html/courses/vendor/laravel/framework/src/Illuminate/Foundation/helpers.php(110): Illuminate\Foundation\Application->make('config', Array)
#5 /home/burnsdig/public_html/courses/vendor/larav in /home/burnsdig/public_html/courses/vendor/laravel/framework/src/Illuminate/Container/Container.php on line 752
[29-Apr-2018 15:05:11 UTC] PHP Fatal error:  Uncaught ReflectionException: Class config does not exist in /home/burnsdig/public_html/courses/vendor/laravel/framework/src/Illuminate/Container/Container.php:752
Stack trace:
#0 /home/burnsdig/public_html/courses/vendor/laravel/framework/src/Illuminate/Container/Container.php(752): ReflectionClass->__construct('config')
#1 /home/burnsdig/public_html/courses/vendor/laravel/framework/src/Illuminate/Container/Container.php(631): Illuminate\Container\Container->build('config')
#2 /home/burnsdig/public_html/courses/vendor/laravel/framework/src/Illuminate/Container/Container.php(586): Illuminate\Container\Container->resolve('config', Array)
#3 /home/burnsdig/public_html/courses/vendor/laravel/framework/src/Illuminate/Foundation/Application.php(732): Illuminate\Container\Container->make('config', Array)
#4 /home/burnsdig/public_html/courses/vendor/laravel/framework/src/Illuminate/Foundation/helpers.php(110): Illuminate\Foundation\Application->make('config', Array)
#5 /home/burnsdig/public_html/courses/vendor/larav in /home/burnsdig/public_html/courses/vendor/laravel/framework/src/Illuminate/Container/Container.php on line 752
[29-Apr-2018 15:05:13 UTC] PHP Fatal error:  Uncaught ReflectionException: Class config does not exist in /home/burnsdig/public_html/courses/vendor/laravel/framework/src/Illuminate/Container/Container.php:752
Stack trace:
#0 /home/burnsdig/public_html/courses/vendor/laravel/framework/src/Illuminate/Container/Container.php(752): ReflectionClass->__construct('config')
#1 /home/burnsdig/public_html/courses/vendor/laravel/framework/src/Illuminate/Container/Container.php(631): Illuminate\Container\Container->build('config')
#2 /home/burnsdig/public_html/courses/vendor/laravel/framework/src/Illuminate/Container/Container.php(586): Illuminate\Container\Container->resolve('config', Array)
#3 /home/burnsdig/public_html/courses/vendor/laravel/framework/src/Illuminate/Foundation/Application.php(732): Illuminate\Container\Container->make('config', Array)
#4 /home/burnsdig/public_html/courses/vendor/laravel/framework/src/Illuminate/Foundation/helpers.php(110): Illuminate\Foundation\Application->make('config', Array)
#5 /home/burnsdig/public_html/courses/vendor/larav in /home/burnsdig/public_html/courses/vendor/laravel/framework/src/Illuminate/Container/Container.php on line 752
[29-Apr-2018 15:05:44 UTC] PHP Fatal error:  Uncaught ReflectionException: Class config does not exist in /home/burnsdig/public_html/courses/vendor/laravel/framework/src/Illuminate/Container/Container.php:752
Stack trace:
#0 /home/burnsdig/public_html/courses/vendor/laravel/framework/src/Illuminate/Container/Container.php(752): ReflectionClass->__construct('config')
#1 /home/burnsdig/public_html/courses/vendor/laravel/framework/src/Illuminate/Container/Container.php(631): Illuminate\Container\Container->build('config')
#2 /home/burnsdig/public_html/courses/vendor/laravel/framework/src/Illuminate/Container/Container.php(586): Illuminate\Container\Container->resolve('config', Array)
#3 /home/burnsdig/public_html/courses/vendor/laravel/framework/src/Illuminate/Foundation/Application.php(732): Illuminate\Container\Container->make('config', Array)
#4 /home/burnsdig/public_html/courses/vendor/laravel/framework/src/Illuminate/Foundation/helpers.php(110): Illuminate\Foundation\Application->make('config', Array)
#5 /home/burnsdig/public_html/courses/vendor/larav in /home/burnsdig/public_html/courses/vendor/laravel/framework/src/Illuminate/Container/Container.php on line 752
[29-Apr-2018 15:05:49 UTC] PHP Fatal error:  Uncaught ReflectionException: Class config does not exist in /home/burnsdig/public_html/courses/vendor/laravel/framework/src/Illuminate/Container/Container.php:752
Stack trace:
#0 /home/burnsdig/public_html/courses/vendor/laravel/framework/src/Illuminate/Container/Container.php(752): ReflectionClass->__construct('config')
#1 /home/burnsdig/public_html/courses/vendor/laravel/framework/src/Illuminate/Container/Container.php(631): Illuminate\Container\Container->build('config')
#2 /home/burnsdig/public_html/courses/vendor/laravel/framework/src/Illuminate/Container/Container.php(586): Illuminate\Container\Container->resolve('config', Array)
#3 /home/burnsdig/public_html/courses/vendor/laravel/framework/src/Illuminate/Foundation/Application.php(732): Illuminate\Container\Container->make('config', Array)
#4 /home/burnsdig/public_html/courses/vendor/laravel/framework/src/Illuminate/Foundation/helpers.php(110): Illuminate\Foundation\Application->make('config', Array)
#5 /home/burnsdig/public_html/courses/vendor/larav in /home/burnsdig/public_html/courses/vendor/laravel/framework/src/Illuminate/Container/Container.php on line 752
[29-Apr-2018 15:06:20 UTC] PHP Fatal error:  Uncaught ReflectionException: Class config does not exist in /home/burnsdig/public_html/courses/vendor/laravel/framework/src/Illuminate/Container/Container.php:752
Stack trace:
#0 /home/burnsdig/public_html/courses/vendor/laravel/framework/src/Illuminate/Container/Container.php(752): ReflectionClass->__construct('config')
#1 /home/burnsdig/public_html/courses/vendor/laravel/framework/src/Illuminate/Container/Container.php(631): Illuminate\Container\Container->build('config')
#2 /home/burnsdig/public_html/courses/vendor/laravel/framework/src/Illuminate/Container/Container.php(586): Illuminate\Container\Container->resolve('config', Array)
#3 /home/burnsdig/public_html/courses/vendor/laravel/framework/src/Illuminate/Foundation/Application.php(732): Illuminate\Container\Container->make('config', Array)
#4 /home/burnsdig/public_html/courses/vendor/laravel/framework/src/Illuminate/Foundation/helpers.php(110): Illuminate\Foundation\Application->make('config', Array)
#5 /home/burnsdig/public_html/courses/vendor/larav in /home/burnsdig/public_html/courses/vendor/laravel/framework/src/Illuminate/Container/Container.php on line 752
[29-Apr-2018 15:06:21 UTC] PHP Fatal error:  Uncaught ReflectionException: Class config does not exist in /home/burnsdig/public_html/courses/vendor/laravel/framework/src/Illuminate/Container/Container.php:752
Stack trace:
#0 /home/burnsdig/public_html/courses/vendor/laravel/framework/src/Illuminate/Container/Container.php(752): ReflectionClass->__construct('config')
#1 /home/burnsdig/public_html/courses/vendor/laravel/framework/src/Illuminate/Container/Container.php(631): Illuminate\Container\Container->build('config')
#2 /home/burnsdig/public_html/courses/vendor/laravel/framework/src/Illuminate/Container/Container.php(586): Illuminate\Container\Container->resolve('config', Array)
#3 /home/burnsdig/public_html/courses/vendor/laravel/framework/src/Illuminate/Foundation/Application.php(732): Illuminate\Container\Container->make('config', Array)
#4 /home/burnsdig/public_html/courses/vendor/laravel/framework/src/Illuminate/Foundation/helpers.php(110): Illuminate\Foundation\Application->make('config', Array)
#5 /home/burnsdig/public_html/courses/vendor/larav in /home/burnsdig/public_html/courses/vendor/laravel/framework/src/Illuminate/Container/Container.php on line 752
[29-Apr-2018 15:06:50 UTC] PHP Fatal error:  Uncaught ReflectionException: Class config does not exist in /home/burnsdig/public_html/courses/vendor/laravel/framework/src/Illuminate/Container/Container.php:752
Stack trace:
#0 /home/burnsdig/public_html/courses/vendor/laravel/framework/src/Illuminate/Container/Container.php(752): ReflectionClass->__construct('config')
#1 /home/burnsdig/public_html/courses/vendor/laravel/framework/src/Illuminate/Container/Container.php(631): Illuminate\Container\Container->build('config')
#2 /home/burnsdig/public_html/courses/vendor/laravel/framework/src/Illuminate/Container/Container.php(586): Illuminate\Container\Container->resolve('config', Array)
#3 /home/burnsdig/public_html/courses/vendor/laravel/framework/src/Illuminate/Foundation/Application.php(732): Illuminate\Container\Container->make('config', Array)
#4 /home/burnsdig/public_html/courses/vendor/laravel/framework/src/Illuminate/Foundation/helpers.php(110): Illuminate\Foundation\Application->make('config', Array)
#5 /home/burnsdig/public_html/courses/vendor/larav in /home/burnsdig/public_html/courses/vendor/laravel/framework/src/Illuminate/Container/Container.php on line 752
[29-Apr-2018 15:07:13 UTC] PHP Fatal error:  Uncaught ReflectionException: Class config does not exist in /home/burnsdig/public_html/courses/vendor/laravel/framework/src/Illuminate/Container/Container.php:752
Stack trace:
#0 /home/burnsdig/public_html/courses/vendor/laravel/framework/src/Illuminate/Container/Container.php(752): ReflectionClass->__construct('config')
#1 /home/burnsdig/public_html/courses/vendor/laravel/framework/src/Illuminate/Container/Container.php(631): Illuminate\Container\Container->build('config')
#2 /home/burnsdig/public_html/courses/vendor/laravel/framework/src/Illuminate/Container/Container.php(586): Illuminate\Container\Container->resolve('config', Array)
#3 /home/burnsdig/public_html/courses/vendor/laravel/framework/src/Illuminate/Foundation/Application.php(732): Illuminate\Container\Container->make('config', Array)
#4 /home/burnsdig/public_html/courses/vendor/laravel/framework/src/Illuminate/Foundation/helpers.php(110): Illuminate\Foundation\Application->make('config', Array)
#5 /home/burnsdig/public_html/courses/vendor/larav in /home/burnsdig/public_html/courses/vendor/laravel/framework/src/Illuminate/Container/Container.php on line 752
[29-Apr-2018 15:07:16 UTC] PHP Fatal error:  Uncaught ReflectionException: Class config does not exist in /home/burnsdig/public_html/courses/vendor/laravel/framework/src/Illuminate/Container/Container.php:752
Stack trace:
#0 /home/burnsdig/public_html/courses/vendor/laravel/framework/src/Illuminate/Container/Container.php(752): ReflectionClass->__construct('config')
#1 /home/burnsdig/public_html/courses/vendor/laravel/framework/src/Illuminate/Container/Container.php(631): Illuminate\Container\Container->build('config')
#2 /home/burnsdig/public_html/courses/vendor/laravel/framework/src/Illuminate/Container/Container.php(586): Illuminate\Container\Container->resolve('config', Array)
#3 /home/burnsdig/public_html/courses/vendor/laravel/framework/src/Illuminate/Foundation/Application.php(732): Illuminate\Container\Container->make('config', Array)
#4 /home/burnsdig/public_html/courses/vendor/laravel/framework/src/Illuminate/Foundation/helpers.php(110): Illuminate\Foundation\Application->make('config', Array)
#5 /home/burnsdig/public_html/courses/vendor/larav in /home/burnsdig/public_html/courses/vendor/laravel/framework/src/Illuminate/Container/Container.php on line 752
[29-Apr-2018 15:07:21 UTC] PHP Fatal error:  Uncaught ReflectionException: Class config does not exist in /home/burnsdig/public_html/courses/vendor/laravel/framework/src/Illuminate/Container/Container.php:752
Stack trace:
#0 /home/burnsdig/public_html/courses/vendor/laravel/framework/src/Illuminate/Container/Container.php(752): ReflectionClass->__construct('config')
#1 /home/burnsdig/public_html/courses/vendor/laravel/framework/src/Illuminate/Container/Container.php(631): Illuminate\Container\Container->build('config')
#2 /home/burnsdig/public_html/courses/vendor/laravel/framework/src/Illuminate/Container/Container.php(586): Illuminate\Container\Container->resolve('config', Array)
#3 /home/burnsdig/public_html/courses/vendor/laravel/framework/src/Illuminate/Foundation/Application.php(732): Illuminate\Container\Container->make('config', Array)
#4 /home/burnsdig/public_html/courses/vendor/laravel/framework/src/Illuminate/Foundation/helpers.php(110): Illuminate\Foundation\Application->make('config', Array)
#5 /home/burnsdig/public_html/courses/vendor/larav in /home/burnsdig/public_html/courses/vendor/laravel/framework/src/Illuminate/Container/Container.php on line 752
[29-Apr-2018 15:08:03 UTC] PHP Fatal error:  Uncaught ReflectionException: Class config does not exist in /home/burnsdig/public_html/courses/vendor/laravel/framework/src/Illuminate/Container/Container.php:752
Stack trace:
#0 /home/burnsdig/public_html/courses/vendor/laravel/framework/src/Illuminate/Container/Container.php(752): ReflectionClass->__construct('config')
#1 /home/burnsdig/public_html/courses/vendor/laravel/framework/src/Illuminate/Container/Container.php(631): Illuminate\Container\Container->build('config')
#2 /home/burnsdig/public_html/courses/vendor/laravel/framework/src/Illuminate/Container/Container.php(586): Illuminate\Container\Container->resolve('config', Array)
#3 /home/burnsdig/public_html/courses/vendor/laravel/framework/src/Illuminate/Foundation/Application.php(732): Illuminate\Container\Container->make('config', Array)
#4 /home/burnsdig/public_html/courses/vendor/laravel/framework/src/Illuminate/Foundation/helpers.php(110): Illuminate\Foundation\Application->make('config', Array)
#5 /home/burnsdig/public_html/courses/vendor/larav in /home/burnsdig/public_html/courses/vendor/laravel/framework/src/Illuminate/Container/Container.php on line 752
[29-Apr-2018 15:08:08 UTC] PHP Fatal error:  Uncaught ReflectionException: Class config does not exist in /home/burnsdig/public_html/courses/vendor/laravel/framework/src/Illuminate/Container/Container.php:752
Stack trace:
#0 /home/burnsdig/public_html/courses/vendor/laravel/framework/src/Illuminate/Container/Container.php(752): ReflectionClass->__construct('config')
#1 /home/burnsdig/public_html/courses/vendor/laravel/framework/src/Illuminate/Container/Container.php(631): Illuminate\Container\Container->build('config')
#2 /home/burnsdig/public_html/courses/vendor/laravel/framework/src/Illuminate/Container/Container.php(586): Illuminate\Container\Container->resolve('config', Array)
#3 /home/burnsdig/public_html/courses/vendor/laravel/framework/src/Illuminate/Foundation/Application.php(732): Illuminate\Container\Container->make('config', Array)
#4 /home/burnsdig/public_html/courses/vendor/laravel/framework/src/Illuminate/Foundation/helpers.php(110): Illuminate\Foundation\Application->make('config', Array)
#5 /home/burnsdig/public_html/courses/vendor/larav in /home/burnsdig/public_html/courses/vendor/laravel/framework/src/Illuminate/Container/Container.php on line 752
[29-Apr-2018 15:09:35 UTC] PHP Fatal error:  Uncaught ReflectionException: Class config does not exist in /home/burnsdig/public_html/courses/vendor/laravel/framework/src/Illuminate/Container/Container.php:752
Stack trace:
#0 /home/burnsdig/public_html/courses/vendor/laravel/framework/src/Illuminate/Container/Container.php(752): ReflectionClass->__construct('config')
#1 /home/burnsdig/public_html/courses/vendor/laravel/framework/src/Illuminate/Container/Container.php(631): Illuminate\Container\Container->build('config')
#2 /home/burnsdig/public_html/courses/vendor/laravel/framework/src/Illuminate/Container/Container.php(586): Illuminate\Container\Container->resolve('config', Array)
#3 /home/burnsdig/public_html/courses/vendor/laravel/framework/src/Illuminate/Foundation/Application.php(732): Illuminate\Container\Container->make('config', Array)
#4 /home/burnsdig/public_html/courses/vendor/laravel/framework/src/Illuminate/Foundation/helpers.php(110): Illuminate\Foundation\Application->make('config', Array)
#5 /home/burnsdig/public_html/courses/vendor/larav in /home/burnsdig/public_html/courses/vendor/laravel/framework/src/Illuminate/Container/Container.php on line 752
[29-Apr-2018 15:09:38 UTC] PHP Fatal error:  Uncaught ReflectionException: Class config does not exist in /home/burnsdig/public_html/courses/vendor/laravel/framework/src/Illuminate/Container/Container.php:752
Stack trace:
#0 /home/burnsdig/public_html/courses/vendor/laravel/framework/src/Illuminate/Container/Container.php(752): ReflectionClass->__construct('config')
#1 /home/burnsdig/public_html/courses/vendor/laravel/framework/src/Illuminate/Container/Container.php(631): Illuminate\Container\Container->build('config')
#2 /home/burnsdig/public_html/courses/vendor/laravel/framework/src/Illuminate/Container/Container.php(586): Illuminate\Container\Container->resolve('config', Array)
#3 /home/burnsdig/public_html/courses/vendor/laravel/framework/src/Illuminate/Foundation/Application.php(732): Illuminate\Container\Container->make('config', Array)
#4 /home/burnsdig/public_html/courses/vendor/laravel/framework/src/Illuminate/Foundation/helpers.php(110): Illuminate\Foundation\Application->make('config', Array)
#5 /home/burnsdig/public_html/courses/vendor/larav in /home/burnsdig/public_html/courses/vendor/laravel/framework/src/Illuminate/Container/Container.php on line 752
[29-Apr-2018 15:09:49 UTC] PHP Fatal error:  Uncaught ReflectionException: Class config does not exist in /home/burnsdig/public_html/courses/vendor/laravel/framework/src/Illuminate/Container/Container.php:752
Stack trace:
#0 /home/burnsdig/public_html/courses/vendor/laravel/framework/src/Illuminate/Container/Container.php(752): ReflectionClass->__construct('config')
#1 /home/burnsdig/public_html/courses/vendor/laravel/framework/src/Illuminate/Container/Container.php(631): Illuminate\Container\Container->build('config')
#2 /home/burnsdig/public_html/courses/vendor/laravel/framework/src/Illuminate/Container/Container.php(586): Illuminate\Container\Container->resolve('config', Array)
#3 /home/burnsdig/public_html/courses/vendor/laravel/framework/src/Illuminate/Foundation/Application.php(732): Illuminate\Container\Container->make('config', Array)
#4 /home/burnsdig/public_html/courses/vendor/laravel/framework/src/Illuminate/Foundation/helpers.php(110): Illuminate\Foundation\Application->make('config', Array)
#5 /home/burnsdig/public_html/courses/vendor/larav in /home/burnsdig/public_html/courses/vendor/laravel/framework/src/Illuminate/Container/Container.php on line 752
[29-Apr-2018 15:09:55 UTC] PHP Fatal error:  Uncaught ReflectionException: Class config does not exist in /home/burnsdig/public_html/courses/vendor/laravel/framework/src/Illuminate/Container/Container.php:752
Stack trace:
#0 /home/burnsdig/public_html/courses/vendor/laravel/framework/src/Illuminate/Container/Container.php(752): ReflectionClass->__construct('config')
#1 /home/burnsdig/public_html/courses/vendor/laravel/framework/src/Illuminate/Container/Container.php(631): Illuminate\Container\Container->build('config')
#2 /home/burnsdig/public_html/courses/vendor/laravel/framework/src/Illuminate/Container/Container.php(586): Illuminate\Container\Container->resolve('config', Array)
#3 /home/burnsdig/public_html/courses/vendor/laravel/framework/src/Illuminate/Foundation/Application.php(732): Illuminate\Container\Container->make('config', Array)
#4 /home/burnsdig/public_html/courses/vendor/laravel/framework/src/Illuminate/Foundation/helpers.php(110): Illuminate\Foundation\Application->make('config', Array)
#5 /home/burnsdig/public_html/courses/vendor/larav in /home/burnsdig/public_html/courses/vendor/laravel/framework/src/Illuminate/Container/Container.php on line 752
[29-Apr-2018 15:11:30 UTC] PHP Fatal error:  Uncaught ReflectionException: Class config does not exist in /home/burnsdig/public_html/courses/vendor/laravel/framework/src/Illuminate/Container/Container.php:752
Stack trace:
#0 /home/burnsdig/public_html/courses/vendor/laravel/framework/src/Illuminate/Container/Container.php(752): ReflectionClass->__construct('config')
#1 /home/burnsdig/public_html/courses/vendor/laravel/framework/src/Illuminate/Container/Container.php(631): Illuminate\Container\Container->build('config')
#2 /home/burnsdig/public_html/courses/vendor/laravel/framework/src/Illuminate/Container/Container.php(586): Illuminate\Container\Container->resolve('config', Array)
#3 /home/burnsdig/public_html/courses/vendor/laravel/framework/src/Illuminate/Foundation/Application.php(732): Illuminate\Container\Container->make('config', Array)
#4 /home/burnsdig/public_html/courses/vendor/laravel/framework/src/Illuminate/Foundation/helpers.php(110): Illuminate\Foundation\Application->make('config', Array)
#5 /home/burnsdig/public_html/courses/vendor/larav in /home/burnsdig/public_html/courses/vendor/laravel/framework/src/Illuminate/Container/Container.php on line 752
[29-Apr-2018 15:11:59 UTC] PHP Fatal error:  Uncaught ReflectionException: Class config does not exist in /home/burnsdig/public_html/courses/vendor/laravel/framework/src/Illuminate/Container/Container.php:752
Stack trace:
#0 /home/burnsdig/public_html/courses/vendor/laravel/framework/src/Illuminate/Container/Container.php(752): ReflectionClass->__construct('config')
#1 /home/burnsdig/public_html/courses/vendor/laravel/framework/src/Illuminate/Container/Container.php(631): Illuminate\Container\Container->build('config')
#2 /home/burnsdig/public_html/courses/vendor/laravel/framework/src/Illuminate/Container/Container.php(586): Illuminate\Container\Container->resolve('config', Array)
#3 /home/burnsdig/public_html/courses/vendor/laravel/framework/src/Illuminate/Foundation/Application.php(732): Illuminate\Container\Container->make('config', Array)
#4 /home/burnsdig/public_html/courses/vendor/laravel/framework/src/Illuminate/Foundation/helpers.php(110): Illuminate\Foundation\Application->make('config', Array)
#5 /home/burnsdig/public_html/courses/vendor/larav in /home/burnsdig/public_html/courses/vendor/laravel/framework/src/Illuminate/Container/Container.php on line 752
[29-Apr-2018 15:12:16 UTC] PHP Fatal error:  Uncaught ReflectionException: Class config does not exist in /home/burnsdig/public_html/courses/vendor/laravel/framework/src/Illuminate/Container/Container.php:752
Stack trace:
#0 /home/burnsdig/public_html/courses/vendor/laravel/framework/src/Illuminate/Container/Container.php(752): ReflectionClass->__construct('config')
#1 /home/burnsdig/public_html/courses/vendor/laravel/framework/src/Illuminate/Container/Container.php(631): Illuminate\Container\Container->build('config')
#2 /home/burnsdig/public_html/courses/vendor/laravel/framework/src/Illuminate/Container/Container.php(586): Illuminate\Container\Container->resolve('config', Array)
#3 /home/burnsdig/public_html/courses/vendor/laravel/framework/src/Illuminate/Foundation/Application.php(732): Illuminate\Container\Container->make('config', Array)
#4 /home/burnsdig/public_html/courses/vendor/laravel/framework/src/Illuminate/Foundation/helpers.php(110): Illuminate\Foundation\Application->make('config', Array)
#5 /home/burnsdig/public_html/courses/vendor/larav in /home/burnsdig/public_html/courses/vendor/laravel/framework/src/Illuminate/Container/Container.php on line 752
[29-Apr-2018 15:12:43 UTC] PHP Fatal error:  Uncaught ReflectionException: Class config does not exist in /home/burnsdig/public_html/courses/vendor/laravel/framework/src/Illuminate/Container/Container.php:752
Stack trace:
#0 /home/burnsdig/public_html/courses/vendor/laravel/framework/src/Illuminate/Container/Container.php(752): ReflectionClass->__construct('config')
#1 /home/burnsdig/public_html/courses/vendor/laravel/framework/src/Illuminate/Container/Container.php(631): Illuminate\Container\Container->build('config')
#2 /home/burnsdig/public_html/courses/vendor/laravel/framework/src/Illuminate/Container/Container.php(586): Illuminate\Container\Container->resolve('config', Array)
#3 /home/burnsdig/public_html/courses/vendor/laravel/framework/src/Illuminate/Foundation/Application.php(732): Illuminate\Container\Container->make('config', Array)
#4 /home/burnsdig/public_html/courses/vendor/laravel/framework/src/Illuminate/Foundation/helpers.php(110): Illuminate\Foundation\Application->make('config', Array)
#5 /home/burnsdig/public_html/courses/vendor/larav in /home/burnsdig/public_html/courses/vendor/laravel/framework/src/Illuminate/Container/Container.php on line 752
[29-Apr-2018 15:13:33 UTC] PHP Fatal error:  Uncaught ReflectionException: Class config does not exist in /home/burnsdig/public_html/courses/vendor/laravel/framework/src/Illuminate/Container/Container.php:752
Stack trace:
#0 /home/burnsdig/public_html/courses/vendor/laravel/framework/src/Illuminate/Container/Container.php(752): ReflectionClass->__construct('config')
#1 /home/burnsdig/public_html/courses/vendor/laravel/framework/src/Illuminate/Container/Container.php(631): Illuminate\Container\Container->build('config')
#2 /home/burnsdig/public_html/courses/vendor/laravel/framework/src/Illuminate/Container/Container.php(586): Illuminate\Container\Container->resolve('config', Array)
#3 /home/burnsdig/public_html/courses/vendor/laravel/framework/src/Illuminate/Foundation/Application.php(732): Illuminate\Container\Container->make('config', Array)
#4 /home/burnsdig/public_html/courses/vendor/laravel/framework/src/Illuminate/Foundation/helpers.php(110): Illuminate\Foundation\Application->make('config', Array)
#5 /home/burnsdig/public_html/courses/vendor/larav in /home/burnsdig/public_html/courses/vendor/laravel/framework/src/Illuminate/Container/Container.php on line 752
[29-Apr-2018 15:15:24 UTC] PHP Fatal error:  Uncaught ReflectionException: Class config does not exist in /home/burnsdig/public_html/courses/vendor/laravel/framework/src/Illuminate/Container/Container.php:752
Stack trace:
#0 /home/burnsdig/public_html/courses/vendor/laravel/framework/src/Illuminate/Container/Container.php(752): ReflectionClass->__construct('config')
#1 /home/burnsdig/public_html/courses/vendor/laravel/framework/src/Illuminate/Container/Container.php(631): Illuminate\Container\Container->build('config')
#2 /home/burnsdig/public_html/courses/vendor/laravel/framework/src/Illuminate/Container/Container.php(586): Illuminate\Container\Container->resolve('config', Array)
#3 /home/burnsdig/public_html/courses/vendor/laravel/framework/src/Illuminate/Foundation/Application.php(732): Illuminate\Container\Container->make('config', Array)
#4 /home/burnsdig/public_html/courses/vendor/laravel/framework/src/Illuminate/Foundation/helpers.php(110): Illuminate\Foundation\Application->make('config', Array)
#5 /home/burnsdig/public_html/courses/vendor/larav in /home/burnsdig/public_html/courses/vendor/laravel/framework/src/Illuminate/Container/Container.php on line 752
[29-Apr-2018 15:17:04 UTC] PHP Fatal error:  Uncaught ReflectionException: Class config does not exist in /home/burnsdig/public_html/courses/vendor/laravel/framework/src/Illuminate/Container/Container.php:752
Stack trace:
#0 /home/burnsdig/public_html/courses/vendor/laravel/framework/src/Illuminate/Container/Container.php(752): ReflectionClass->__construct('config')
#1 /home/burnsdig/public_html/courses/vendor/laravel/framework/src/Illuminate/Container/Container.php(631): Illuminate\Container\Container->build('config')
#2 /home/burnsdig/public_html/courses/vendor/laravel/framework/src/Illuminate/Container/Container.php(586): Illuminate\Container\Container->resolve('config', Array)
#3 /home/burnsdig/public_html/courses/vendor/laravel/framework/src/Illuminate/Foundation/Application.php(732): Illuminate\Container\Container->make('config', Array)
#4 /home/burnsdig/public_html/courses/vendor/laravel/framework/src/Illuminate/Foundation/helpers.php(110): Illuminate\Foundation\Application->make('config', Array)
#5 /home/burnsdig/public_html/courses/vendor/larav in /home/burnsdig/public_html/courses/vendor/laravel/framework/src/Illuminate/Container/Container.php on line 752
[29-Apr-2018 15:17:11 UTC] PHP Fatal error:  Uncaught ReflectionException: Class config does not exist in /home/burnsdig/public_html/courses/vendor/laravel/framework/src/Illuminate/Container/Container.php:752
Stack trace:
#0 /home/burnsdig/public_html/courses/vendor/laravel/framework/src/Illuminate/Container/Container.php(752): ReflectionClass->__construct('config')
#1 /home/burnsdig/public_html/courses/vendor/laravel/framework/src/Illuminate/Container/Container.php(631): Illuminate\Container\Container->build('config')
#2 /home/burnsdig/public_html/courses/vendor/laravel/framework/src/Illuminate/Container/Container.php(586): Illuminate\Container\Container->resolve('config', Array)
#3 /home/burnsdig/public_html/courses/vendor/laravel/framework/src/Illuminate/Foundation/Application.php(732): Illuminate\Container\Container->make('config', Array)
#4 /home/burnsdig/public_html/courses/vendor/laravel/framework/src/Illuminate/Foundation/helpers.php(110): Illuminate\Foundation\Application->make('config', Array)
#5 /home/burnsdig/public_html/courses/vendor/larav in /home/burnsdig/public_html/courses/vendor/laravel/framework/src/Illuminate/Container/Container.php on line 752
[29-Apr-2018 15:17:22 UTC] PHP Fatal error:  Uncaught ReflectionException: Class config does not exist in /home/burnsdig/public_html/courses/vendor/laravel/framework/src/Illuminate/Container/Container.php:752
Stack trace:
#0 /home/burnsdig/public_html/courses/vendor/laravel/framework/src/Illuminate/Container/Container.php(752): ReflectionClass->__construct('config')
#1 /home/burnsdig/public_html/courses/vendor/laravel/framework/src/Illuminate/Container/Container.php(631): Illuminate\Container\Container->build('config')
#2 /home/burnsdig/public_html/courses/vendor/laravel/framework/src/Illuminate/Container/Container.php(586): Illuminate\Container\Container->resolve('config', Array)
#3 /home/burnsdig/public_html/courses/vendor/laravel/framework/src/Illuminate/Foundation/Application.php(732): Illuminate\Container\Container->make('config', Array)
#4 /home/burnsdig/public_html/courses/vendor/laravel/framework/src/Illuminate/Foundation/helpers.php(110): Illuminate\Foundation\Application->make('config', Array)
#5 /home/burnsdig/public_html/courses/vendor/larav in /home/burnsdig/public_html/courses/vendor/laravel/framework/src/Illuminate/Container/Container.php on line 752
[29-Apr-2018 15:17:29 UTC] PHP Fatal error:  Uncaught ReflectionException: Class config does not exist in /home/burnsdig/public_html/courses/vendor/laravel/framework/src/Illuminate/Container/Container.php:752
Stack trace:
#0 /home/burnsdig/public_html/courses/vendor/laravel/framework/src/Illuminate/Container/Container.php(752): ReflectionClass->__construct('config')
#1 /home/burnsdig/public_html/courses/vendor/laravel/framework/src/Illuminate/Container/Container.php(631): Illuminate\Container\Container->build('config')
#2 /home/burnsdig/public_html/courses/vendor/laravel/framework/src/Illuminate/Container/Container.php(586): Illuminate\Container\Container->resolve('config', Array)
#3 /home/burnsdig/public_html/courses/vendor/laravel/framework/src/Illuminate/Foundation/Application.php(732): Illuminate\Container\Container->make('config', Array)
#4 /home/burnsdig/public_html/courses/vendor/laravel/framework/src/Illuminate/Foundation/helpers.php(110): Illuminate\Foundation\Application->make('config', Array)
#5 /home/burnsdig/public_html/courses/vendor/larav in /home/burnsdig/public_html/courses/vendor/laravel/framework/src/Illuminate/Container/Container.php on line 752
[29-Apr-2018 15:17:32 UTC] PHP Fatal error:  Uncaught ReflectionException: Class config does not exist in /home/burnsdig/public_html/courses/vendor/laravel/framework/src/Illuminate/Container/Container.php:752
Stack trace:
#0 /home/burnsdig/public_html/courses/vendor/laravel/framework/src/Illuminate/Container/Container.php(752): ReflectionClass->__construct('config')
#1 /home/burnsdig/public_html/courses/vendor/laravel/framework/src/Illuminate/Container/Container.php(631): Illuminate\Container\Container->build('config')
#2 /home/burnsdig/public_html/courses/vendor/laravel/framework/src/Illuminate/Container/Container.php(586): Illuminate\Container\Container->resolve('config', Array)
#3 /home/burnsdig/public_html/courses/vendor/laravel/framework/src/Illuminate/Foundation/Application.php(732): Illuminate\Container\Container->make('config', Array)
#4 /home/burnsdig/public_html/courses/vendor/laravel/framework/src/Illuminate/Foundation/helpers.php(110): Illuminate\Foundation\Application->make('config', Array)
#5 /home/burnsdig/public_html/courses/vendor/larav in /home/burnsdig/public_html/courses/vendor/laravel/framework/src/Illuminate/Container/Container.php on line 752
[29-Apr-2018 15:17:43 UTC] PHP Fatal error:  Uncaught ReflectionException: Class config does not exist in /home/burnsdig/public_html/courses/vendor/laravel/framework/src/Illuminate/Container/Container.php:752
Stack trace:
#0 /home/burnsdig/public_html/courses/vendor/laravel/framework/src/Illuminate/Container/Container.php(752): ReflectionClass->__construct('config')
#1 /home/burnsdig/public_html/courses/vendor/laravel/framework/src/Illuminate/Container/Container.php(631): Illuminate\Container\Container->build('config')
#2 /home/burnsdig/public_html/courses/vendor/laravel/framework/src/Illuminate/Container/Container.php(586): Illuminate\Container\Container->resolve('config', Array)
#3 /home/burnsdig/public_html/courses/vendor/laravel/framework/src/Illuminate/Foundation/Application.php(732): Illuminate\Container\Container->make('config', Array)
#4 /home/burnsdig/public_html/courses/vendor/laravel/framework/src/Illuminate/Foundation/helpers.php(110): Illuminate\Foundation\Application->make('config', Array)
#5 /home/burnsdig/public_html/courses/vendor/larav in /home/burnsdig/public_html/courses/vendor/laravel/framework/src/Illuminate/Container/Container.php on line 752
[29-Apr-2018 15:19:21 UTC] PHP Fatal error:  Uncaught ReflectionException: Class config does not exist in /home/burnsdig/public_html/courses/vendor/laravel/framework/src/Illuminate/Container/Container.php:752
Stack trace:
#0 /home/burnsdig/public_html/courses/vendor/laravel/framework/src/Illuminate/Container/Container.php(752): ReflectionClass->__construct('config')
#1 /home/burnsdig/public_html/courses/vendor/laravel/framework/src/Illuminate/Container/Container.php(631): Illuminate\Container\Container->build('config')
#2 /home/burnsdig/public_html/courses/vendor/laravel/framework/src/Illuminate/Container/Container.php(586): Illuminate\Container\Container->resolve('config', Array)
#3 /home/burnsdig/public_html/courses/vendor/laravel/framework/src/Illuminate/Foundation/Application.php(732): Illuminate\Container\Container->make('config', Array)
#4 /home/burnsdig/public_html/courses/vendor/laravel/framework/src/Illuminate/Foundation/helpers.php(110): Illuminate\Foundation\Application->make('config', Array)
#5 /home/burnsdig/public_html/courses/vendor/larav in /home/burnsdig/public_html/courses/vendor/laravel/framework/src/Illuminate/Container/Container.php on line 752
[29-Apr-2018 15:20:58 UTC] PHP Fatal error:  Uncaught ReflectionException: Class config does not exist in /home/burnsdig/public_html/courses/vendor/laravel/framework/src/Illuminate/Container/Container.php:752
Stack trace:
#0 /home/burnsdig/public_html/courses/vendor/laravel/framework/src/Illuminate/Container/Container.php(752): ReflectionClass->__construct('config')
#1 /home/burnsdig/public_html/courses/vendor/laravel/framework/src/Illuminate/Container/Container.php(631): Illuminate\Container\Container->build('config')
#2 /home/burnsdig/public_html/courses/vendor/laravel/framework/src/Illuminate/Container/Container.php(586): Illuminate\Container\Container->resolve('config', Array)
#3 /home/burnsdig/public_html/courses/vendor/laravel/framework/src/Illuminate/Foundation/Application.php(732): Illuminate\Container\Container->make('config', Array)
#4 /home/burnsdig/public_html/courses/vendor/laravel/framework/src/Illuminate/Foundation/helpers.php(110): Illuminate\Foundation\Application->make('config', Array)
#5 /home/burnsdig/public_html/courses/vendor/larav in /home/burnsdig/public_html/courses/vendor/laravel/framework/src/Illuminate/Container/Container.php on line 752
[29-Apr-2018 15:21:40 UTC] PHP Fatal error:  Uncaught ReflectionException: Class config does not exist in /home/burnsdig/public_html/courses/vendor/laravel/framework/src/Illuminate/Container/Container.php:752
Stack trace:
#0 /home/burnsdig/public_html/courses/vendor/laravel/framework/src/Illuminate/Container/Container.php(752): ReflectionClass->__construct('config')
#1 /home/burnsdig/public_html/courses/vendor/laravel/framework/src/Illuminate/Container/Container.php(631): Illuminate\Container\Container->build('config')
#2 /home/burnsdig/public_html/courses/vendor/laravel/framework/src/Illuminate/Container/Container.php(586): Illuminate\Container\Container->resolve('config', Array)
#3 /home/burnsdig/public_html/courses/vendor/laravel/framework/src/Illuminate/Foundation/Application.php(732): Illuminate\Container\Container->make('config', Array)
#4 /home/burnsdig/public_html/courses/vendor/laravel/framework/src/Illuminate/Foundation/helpers.php(110): Illuminate\Foundation\Application->make('config', Array)
#5 /home/burnsdig/public_html/courses/vendor/larav in /home/burnsdig/public_html/courses/vendor/laravel/framework/src/Illuminate/Container/Container.php on line 752
[29-Apr-2018 15:25:03 UTC] PHP Fatal error:  Uncaught ReflectionException: Class config does not exist in /home/burnsdig/public_html/courses/vendor/laravel/framework/src/Illuminate/Container/Container.php:752
Stack trace:
#0 /home/burnsdig/public_html/courses/vendor/laravel/framework/src/Illuminate/Container/Container.php(752): ReflectionClass->__construct('config')
#1 /home/burnsdig/public_html/courses/vendor/laravel/framework/src/Illuminate/Container/Container.php(631): Illuminate\Container\Container->build('config')
#2 /home/burnsdig/public_html/courses/vendor/laravel/framework/src/Illuminate/Container/Container.php(586): Illuminate\Container\Container->resolve('config', Array)
#3 /home/burnsdig/public_html/courses/vendor/laravel/framework/src/Illuminate/Foundation/Application.php(732): Illuminate\Container\Container->make('config', Array)
#4 /home/burnsdig/public_html/courses/vendor/laravel/framework/src/Illuminate/Foundation/helpers.php(110): Illuminate\Foundation\Application->make('config', Array)
#5 /home/burnsdig/public_html/courses/vendor/larav in /home/burnsdig/public_html/courses/vendor/laravel/framework/src/Illuminate/Container/Container.php on line 752
[29-Apr-2018 15:25:07 UTC] PHP Fatal error:  Uncaught ReflectionException: Class config does not exist in /home/burnsdig/public_html/courses/vendor/laravel/framework/src/Illuminate/Container/Container.php:752
Stack trace:
#0 /home/burnsdig/public_html/courses/vendor/laravel/framework/src/Illuminate/Container/Container.php(752): ReflectionClass->__construct('config')
#1 /home/burnsdig/public_html/courses/vendor/laravel/framework/src/Illuminate/Container/Container.php(631): Illuminate\Container\Container->build('config')
#2 /home/burnsdig/public_html/courses/vendor/laravel/framework/src/Illuminate/Container/Container.php(586): Illuminate\Container\Container->resolve('config', Array)
#3 /home/burnsdig/public_html/courses/vendor/laravel/framework/src/Illuminate/Foundation/Application.php(732): Illuminate\Container\Container->make('config', Array)
#4 /home/burnsdig/public_html/courses/vendor/laravel/framework/src/Illuminate/Foundation/helpers.php(110): Illuminate\Foundation\Application->make('config', Array)
#5 /home/burnsdig/public_html/courses/vendor/larav in /home/burnsdig/public_html/courses/vendor/laravel/framework/src/Illuminate/Container/Container.php on line 752
[29-Apr-2018 15:26:27 UTC] PHP Fatal error:  Uncaught ReflectionException: Class config does not exist in /home/burnsdig/public_html/courses/vendor/laravel/framework/src/Illuminate/Container/Container.php:752
Stack trace:
#0 /home/burnsdig/public_html/courses/vendor/laravel/framework/src/Illuminate/Container/Container.php(752): ReflectionClass->__construct('config')
#1 /home/burnsdig/public_html/courses/vendor/laravel/framework/src/Illuminate/Container/Container.php(631): Illuminate\Container\Container->build('config')
#2 /home/burnsdig/public_html/courses/vendor/laravel/framework/src/Illuminate/Container/Container.php(586): Illuminate\Container\Container->resolve('config', Array)
#3 /home/burnsdig/public_html/courses/vendor/laravel/framework/src/Illuminate/Foundation/Application.php(732): Illuminate\Container\Container->make('config', Array)
#4 /home/burnsdig/public_html/courses/vendor/laravel/framework/src/Illuminate/Foundation/helpers.php(110): Illuminate\Foundation\Application->make('config', Array)
#5 /home/burnsdig/public_html/courses/vendor/larav in /home/burnsdig/public_html/courses/vendor/laravel/framework/src/Illuminate/Container/Container.php on line 752
[29-Apr-2018 15:27:12 UTC] PHP Fatal error:  Uncaught ReflectionException: Class config does not exist in /home/burnsdig/public_html/courses/vendor/laravel/framework/src/Illuminate/Container/Container.php:752
Stack trace:
#0 /home/burnsdig/public_html/courses/vendor/laravel/framework/src/Illuminate/Container/Container.php(752): ReflectionClass->__construct('config')
#1 /home/burnsdig/public_html/courses/vendor/laravel/framework/src/Illuminate/Container/Container.php(631): Illuminate\Container\Container->build('config')
#2 /home/burnsdig/public_html/courses/vendor/laravel/framework/src/Illuminate/Container/Container.php(586): Illuminate\Container\Container->resolve('config', Array)
#3 /home/burnsdig/public_html/courses/vendor/laravel/framework/src/Illuminate/Foundation/Application.php(732): Illuminate\Container\Container->make('config', Array)
#4 /home/burnsdig/public_html/courses/vendor/laravel/framework/src/Illuminate/Foundation/helpers.php(110): Illuminate\Foundation\Application->make('config', Array)
#5 /home/burnsdig/public_html/courses/vendor/larav in /home/burnsdig/public_html/courses/vendor/laravel/framework/src/Illuminate/Container/Container.php on line 752
[29-Apr-2018 15:27:32 UTC] PHP Fatal error:  Uncaught ReflectionException: Class config does not exist in /home/burnsdig/public_html/courses/vendor/laravel/framework/src/Illuminate/Container/Container.php:752
Stack trace:
#0 /home/burnsdig/public_html/courses/vendor/laravel/framework/src/Illuminate/Container/Container.php(752): ReflectionClass->__construct('config')
#1 /home/burnsdig/public_html/courses/vendor/laravel/framework/src/Illuminate/Container/Container.php(631): Illuminate\Container\Container->build('config')
#2 /home/burnsdig/public_html/courses/vendor/laravel/framework/src/Illuminate/Container/Container.php(586): Illuminate\Container\Container->resolve('config', Array)
#3 /home/burnsdig/public_html/courses/vendor/laravel/framework/src/Illuminate/Foundation/Application.php(732): Illuminate\Container\Container->make('config', Array)
#4 /home/burnsdig/public_html/courses/vendor/laravel/framework/src/Illuminate/Foundation/helpers.php(110): Illuminate\Foundation\Application->make('config', Array)
#5 /home/burnsdig/public_html/courses/vendor/larav in /home/burnsdig/public_html/courses/vendor/laravel/framework/src/Illuminate/Container/Container.php on line 752
[29-Apr-2018 15:28:13 UTC] PHP Fatal error:  Uncaught ReflectionException: Class config does not exist in /home/burnsdig/public_html/courses/vendor/laravel/framework/src/Illuminate/Container/Container.php:752
Stack trace:
#0 /home/burnsdig/public_html/courses/vendor/laravel/framework/src/Illuminate/Container/Container.php(752): ReflectionClass->__construct('config')
#1 /home/burnsdig/public_html/courses/vendor/laravel/framework/src/Illuminate/Container/Container.php(631): Illuminate\Container\Container->build('config')
#2 /home/burnsdig/public_html/courses/vendor/laravel/framework/src/Illuminate/Container/Container.php(586): Illuminate\Container\Container->resolve('config', Array)
#3 /home/burnsdig/public_html/courses/vendor/laravel/framework/src/Illuminate/Foundation/Application.php(732): Illuminate\Container\Container->make('config', Array)
#4 /home/burnsdig/public_html/courses/vendor/laravel/framework/src/Illuminate/Foundation/helpers.php(110): Illuminate\Foundation\Application->make('config', Array)
#5 /home/burnsdig/public_html/courses/vendor/larav in /home/burnsdig/public_html/courses/vendor/laravel/framework/src/Illuminate/Container/Container.php on line 752
[29-Apr-2018 15:29:56 UTC] PHP Fatal error:  Uncaught ReflectionException: Class config does not exist in /home/burnsdig/public_html/courses/vendor/laravel/framework/src/Illuminate/Container/Container.php:752
Stack trace:
#0 /home/burnsdig/public_html/courses/vendor/laravel/framework/src/Illuminate/Container/Container.php(752): ReflectionClass->__construct('config')
#1 /home/burnsdig/public_html/courses/vendor/laravel/framework/src/Illuminate/Container/Container.php(631): Illuminate\Container\Container->build('config')
#2 /home/burnsdig/public_html/courses/vendor/laravel/framework/src/Illuminate/Container/Container.php(586): Illuminate\Container\Container->resolve('config', Array)
#3 /home/burnsdig/public_html/courses/vendor/laravel/framework/src/Illuminate/Foundation/Application.php(732): Illuminate\Container\Container->make('config', Array)
#4 /home/burnsdig/public_html/courses/vendor/laravel/framework/src/Illuminate/Foundation/helpers.php(110): Illuminate\Foundation\Application->make('config', Array)
#5 /home/burnsdig/public_html/courses/vendor/larav in /home/burnsdig/public_html/courses/vendor/laravel/framework/src/Illuminate/Container/Container.php on line 752
[29-Apr-2018 15:29:59 UTC] PHP Fatal error:  Uncaught ReflectionException: Class config does not exist in /home/burnsdig/public_html/courses/vendor/laravel/framework/src/Illuminate/Container/Container.php:752
Stack trace:
#0 /home/burnsdig/public_html/courses/vendor/laravel/framework/src/Illuminate/Container/Container.php(752): ReflectionClass->__construct('config')
#1 /home/burnsdig/public_html/courses/vendor/laravel/framework/src/Illuminate/Container/Container.php(631): Illuminate\Container\Container->build('config')
#2 /home/burnsdig/public_html/courses/vendor/laravel/framework/src/Illuminate/Container/Container.php(586): Illuminate\Container\Container->resolve('config', Array)
#3 /home/burnsdig/public_html/courses/vendor/laravel/framework/src/Illuminate/Foundation/Application.php(732): Illuminate\Container\Container->make('config', Array)
#4 /home/burnsdig/public_html/courses/vendor/laravel/framework/src/Illuminate/Foundation/helpers.php(110): Illuminate\Foundation\Application->make('config', Array)
#5 /home/burnsdig/public_html/courses/vendor/larav in /home/burnsdig/public_html/courses/vendor/laravel/framework/src/Illuminate/Container/Container.php on line 752
[29-Apr-2018 15:31:10 UTC] PHP Fatal error:  Uncaught ReflectionException: Class config does not exist in /home/burnsdig/public_html/courses/vendor/laravel/framework/src/Illuminate/Container/Container.php:752
Stack trace:
#0 /home/burnsdig/public_html/courses/vendor/laravel/framework/src/Illuminate/Container/Container.php(752): ReflectionClass->__construct('config')
#1 /home/burnsdig/public_html/courses/vendor/laravel/framework/src/Illuminate/Container/Container.php(631): Illuminate\Container\Container->build('config')
#2 /home/burnsdig/public_html/courses/vendor/laravel/framework/src/Illuminate/Container/Container.php(586): Illuminate\Container\Container->resolve('config', Array)
#3 /home/burnsdig/public_html/courses/vendor/laravel/framework/src/Illuminate/Foundation/Application.php(732): Illuminate\Container\Container->make('config', Array)
#4 /home/burnsdig/public_html/courses/vendor/laravel/framework/src/Illuminate/Foundation/helpers.php(110): Illuminate\Foundation\Application->make('config', Array)
#5 /home/burnsdig/public_html/courses/vendor/larav in /home/burnsdig/public_html/courses/vendor/laravel/framework/src/Illuminate/Container/Container.php on line 752
[29-Apr-2018 15:39:21 UTC] PHP Fatal error:  Uncaught ReflectionException: Class config does not exist in /home/burnsdig/public_html/courses/vendor/laravel/framework/src/Illuminate/Container/Container.php:752
Stack trace:
#0 /home/burnsdig/public_html/courses/vendor/laravel/framework/src/Illuminate/Container/Container.php(752): ReflectionClass->__construct('config')
#1 /home/burnsdig/public_html/courses/vendor/laravel/framework/src/Illuminate/Container/Container.php(631): Illuminate\Container\Container->build('config')
#2 /home/burnsdig/public_html/courses/vendor/laravel/framework/src/Illuminate/Container/Container.php(586): Illuminate\Container\Container->resolve('config', Array)
#3 /home/burnsdig/public_html/courses/vendor/laravel/framework/src/Illuminate/Foundation/Application.php(732): Illuminate\Container\Container->make('config', Array)
#4 /home/burnsdig/public_html/courses/vendor/laravel/framework/src/Illuminate/Foundation/helpers.php(110): Illuminate\Foundation\Application->make('config', Array)
#5 /home/burnsdig/public_html/courses/vendor/larav in /home/burnsdig/public_html/courses/vendor/laravel/framework/src/Illuminate/Container/Container.php on line 752
[29-Apr-2018 15:39:24 UTC] PHP Fatal error:  Uncaught ReflectionException: Class config does not exist in /home/burnsdig/public_html/courses/vendor/laravel/framework/src/Illuminate/Container/Container.php:752
Stack trace:
#0 /home/burnsdig/public_html/courses/vendor/laravel/framework/src/Illuminate/Container/Container.php(752): ReflectionClass->__construct('config')
#1 /home/burnsdig/public_html/courses/vendor/laravel/framework/src/Illuminate/Container/Container.php(631): Illuminate\Container\Container->build('config')
#2 /home/burnsdig/public_html/courses/vendor/laravel/framework/src/Illuminate/Container/Container.php(586): Illuminate\Container\Container->resolve('config', Array)
#3 /home/burnsdig/public_html/courses/vendor/laravel/framework/src/Illuminate/Foundation/Application.php(732): Illuminate\Container\Container->make('config', Array)
#4 /home/burnsdig/public_html/courses/vendor/laravel/framework/src/Illuminate/Foundation/helpers.php(110): Illuminate\Foundation\Application->make('config', Array)
#5 /home/burnsdig/public_html/courses/vendor/larav in /home/burnsdig/public_html/courses/vendor/laravel/framework/src/Illuminate/Container/Container.php on line 752
[29-Apr-2018 15:39:32 UTC] PHP Fatal error:  Uncaught ReflectionException: Class config does not exist in /home/burnsdig/public_html/courses/vendor/laravel/framework/src/Illuminate/Container/Container.php:752
Stack trace:
#0 /home/burnsdig/public_html/courses/vendor/laravel/framework/src/Illuminate/Container/Container.php(752): ReflectionClass->__construct('config')
#1 /home/burnsdig/public_html/courses/vendor/laravel/framework/src/Illuminate/Container/Container.php(631): Illuminate\Container\Container->build('config')
#2 /home/burnsdig/public_html/courses/vendor/laravel/framework/src/Illuminate/Container/Container.php(586): Illuminate\Container\Container->resolve('config', Array)
#3 /home/burnsdig/public_html/courses/vendor/laravel/framework/src/Illuminate/Foundation/Application.php(732): Illuminate\Container\Container->make('config', Array)
#4 /home/burnsdig/public_html/courses/vendor/laravel/framework/src/Illuminate/Foundation/helpers.php(110): Illuminate\Foundation\Application->make('config', Array)
#5 /home/burnsdig/public_html/courses/vendor/larav in /home/burnsdig/public_html/courses/vendor/laravel/framework/src/Illuminate/Container/Container.php on line 752
[29-Apr-2018 15:39:34 UTC] PHP Fatal error:  Uncaught ReflectionException: Class config does not exist in /home/burnsdig/public_html/courses/vendor/laravel/framework/src/Illuminate/Container/Container.php:752
Stack trace:
#0 /home/burnsdig/public_html/courses/vendor/laravel/framework/src/Illuminate/Container/Container.php(752): ReflectionClass->__construct('config')
#1 /home/burnsdig/public_html/courses/vendor/laravel/framework/src/Illuminate/Container/Container.php(631): Illuminate\Container\Container->build('config')
#2 /home/burnsdig/public_html/courses/vendor/laravel/framework/src/Illuminate/Container/Container.php(586): Illuminate\Container\Container->resolve('config', Array)
#3 /home/burnsdig/public_html/courses/vendor/laravel/framework/src/Illuminate/Foundation/Application.php(732): Illuminate\Container\Container->make('config', Array)
#4 /home/burnsdig/public_html/courses/vendor/laravel/framework/src/Illuminate/Foundation/helpers.php(110): Illuminate\Foundation\Application->make('config', Array)
#5 /home/burnsdig/public_html/courses/vendor/larav in /home/burnsdig/public_html/courses/vendor/laravel/framework/src/Illuminate/Container/Container.php on line 752
[29-Apr-2018 15:48:08 UTC] PHP Fatal error:  Uncaught ReflectionException: Class config does not exist in /home/burnsdig/public_html/courses/vendor/laravel/framework/src/Illuminate/Container/Container.php:752
Stack trace:
#0 /home/burnsdig/public_html/courses/vendor/laravel/framework/src/Illuminate/Container/Container.php(752): ReflectionClass->__construct('config')
#1 /home/burnsdig/public_html/courses/vendor/laravel/framework/src/Illuminate/Container/Container.php(631): Illuminate\Container\Container->build('config')
#2 /home/burnsdig/public_html/courses/vendor/laravel/framework/src/Illuminate/Container/Container.php(586): Illuminate\Container\Container->resolve('config', Array)
#3 /home/burnsdig/public_html/courses/vendor/laravel/framework/src/Illuminate/Foundation/Application.php(732): Illuminate\Container\Container->make('config', Array)
#4 /home/burnsdig/public_html/courses/vendor/laravel/framework/src/Illuminate/Foundation/helpers.php(110): Illuminate\Foundation\Application->make('config', Array)
#5 /home/burnsdig/public_html/courses/vendor/larav in /home/burnsdig/public_html/courses/vendor/laravel/framework/src/Illuminate/Container/Container.php on line 752
[29-Apr-2018 15:48:47 UTC] PHP Fatal error:  Uncaught ReflectionException: Class config does not exist in /home/burnsdig/public_html/courses/vendor/laravel/framework/src/Illuminate/Container/Container.php:752
Stack trace:
#0 /home/burnsdig/public_html/courses/vendor/laravel/framework/src/Illuminate/Container/Container.php(752): ReflectionClass->__construct('config')
#1 /home/burnsdig/public_html/courses/vendor/laravel/framework/src/Illuminate/Container/Container.php(631): Illuminate\Container\Container->build('config')
#2 /home/burnsdig/public_html/courses/vendor/laravel/framework/src/Illuminate/Container/Container.php(586): Illuminate\Container\Container->resolve('config', Array)
#3 /home/burnsdig/public_html/courses/vendor/laravel/framework/src/Illuminate/Foundation/Application.php(732): Illuminate\Container\Container->make('config', Array)
#4 /home/burnsdig/public_html/courses/vendor/laravel/framework/src/Illuminate/Foundation/helpers.php(110): Illuminate\Foundation\Application->make('config', Array)
#5 /home/burnsdig/public_html/courses/vendor/larav in /home/burnsdig/public_html/courses/vendor/laravel/framework/src/Illuminate/Container/Container.php on line 752
[29-Apr-2018 15:50:11 UTC] PHP Fatal error:  Uncaught ReflectionException: Class config does not exist in /home/burnsdig/public_html/courses/vendor/laravel/framework/src/Illuminate/Container/Container.php:752
Stack trace:
#0 /home/burnsdig/public_html/courses/vendor/laravel/framework/src/Illuminate/Container/Container.php(752): ReflectionClass->__construct('config')
#1 /home/burnsdig/public_html/courses/vendor/laravel/framework/src/Illuminate/Container/Container.php(631): Illuminate\Container\Container->build('config')
#2 /home/burnsdig/public_html/courses/vendor/laravel/framework/src/Illuminate/Container/Container.php(586): Illuminate\Container\Container->resolve('config', Array)
#3 /home/burnsdig/public_html/courses/vendor/laravel/framework/src/Illuminate/Foundation/Application.php(732): Illuminate\Container\Container->make('config', Array)
#4 /home/burnsdig/public_html/courses/vendor/laravel/framework/src/Illuminate/Foundation/helpers.php(110): Illuminate\Foundation\Application->make('config', Array)
#5 /home/burnsdig/public_html/courses/vendor/larav in /home/burnsdig/public_html/courses/vendor/laravel/framework/src/Illuminate/Container/Container.php on line 752
[29-Apr-2018 15:50:16 UTC] PHP Fatal error:  Uncaught ReflectionException: Class config does not exist in /home/burnsdig/public_html/courses/vendor/laravel/framework/src/Illuminate/Container/Container.php:752
Stack trace:
#0 /home/burnsdig/public_html/courses/vendor/laravel/framework/src/Illuminate/Container/Container.php(752): ReflectionClass->__construct('config')
#1 /home/burnsdig/public_html/courses/vendor/laravel/framework/src/Illuminate/Container/Container.php(631): Illuminate\Container\Container->build('config')
#2 /home/burnsdig/public_html/courses/vendor/laravel/framework/src/Illuminate/Container/Container.php(586): Illuminate\Container\Container->resolve('config', Array)
#3 /home/burnsdig/public_html/courses/vendor/laravel/framework/src/Illuminate/Foundation/Application.php(732): Illuminate\Container\Container->make('config', Array)
#4 /home/burnsdig/public_html/courses/vendor/laravel/framework/src/Illuminate/Foundation/helpers.php(110): Illuminate\Foundation\Application->make('config', Array)
#5 /home/burnsdig/public_html/courses/vendor/larav in /home/burnsdig/public_html/courses/vendor/laravel/framework/src/Illuminate/Container/Container.php on line 752
[29-Apr-2018 15:50:25 UTC] PHP Fatal error:  Uncaught ReflectionException: Class config does not exist in /home/burnsdig/public_html/courses/vendor/laravel/framework/src/Illuminate/Container/Container.php:752
Stack trace:
#0 /home/burnsdig/public_html/courses/vendor/laravel/framework/src/Illuminate/Container/Container.php(752): ReflectionClass->__construct('config')
#1 /home/burnsdig/public_html/courses/vendor/laravel/framework/src/Illuminate/Container/Container.php(631): Illuminate\Container\Container->build('config')
#2 /home/burnsdig/public_html/courses/vendor/laravel/framework/src/Illuminate/Container/Container.php(586): Illuminate\Container\Container->resolve('config', Array)
#3 /home/burnsdig/public_html/courses/vendor/laravel/framework/src/Illuminate/Foundation/Application.php(732): Illuminate\Container\Container->make('config', Array)
#4 /home/burnsdig/public_html/courses/vendor/laravel/framework/src/Illuminate/Foundation/helpers.php(110): Illuminate\Foundation\Application->make('config', Array)
#5 /home/burnsdig/public_html/courses/vendor/larav in /home/burnsdig/public_html/courses/vendor/laravel/framework/src/Illuminate/Container/Container.php on line 752
[29-Apr-2018 16:04:53 UTC] PHP Fatal error:  Uncaught ReflectionException: Class config does not exist in /home/burnsdig/public_html/courses/vendor/laravel/framework/src/Illuminate/Container/Container.php:752
Stack trace:
#0 /home/burnsdig/public_html/courses/vendor/laravel/framework/src/Illuminate/Container/Container.php(752): ReflectionClass->__construct('config')
#1 /home/burnsdig/public_html/courses/vendor/laravel/framework/src/Illuminate/Container/Container.php(631): Illuminate\Container\Container->build('config')
#2 /home/burnsdig/public_html/courses/vendor/laravel/framework/src/Illuminate/Container/Container.php(586): Illuminate\Container\Container->resolve('config', Array)
#3 /home/burnsdig/public_html/courses/vendor/laravel/framework/src/Illuminate/Foundation/Application.php(732): Illuminate\Container\Container->make('config', Array)
#4 /home/burnsdig/public_html/courses/vendor/laravel/framework/src/Illuminate/Foundation/helpers.php(110): Illuminate\Foundation\Application->make('config', Array)
#5 /home/burnsdig/public_html/courses/vendor/larav in /home/burnsdig/public_html/courses/vendor/laravel/framework/src/Illuminate/Container/Container.php on line 752
[29-Apr-2018 16:04:58 UTC] PHP Fatal error:  Uncaught ReflectionException: Class config does not exist in /home/burnsdig/public_html/courses/vendor/laravel/framework/src/Illuminate/Container/Container.php:752
Stack trace:
#0 /home/burnsdig/public_html/courses/vendor/laravel/framework/src/Illuminate/Container/Container.php(752): ReflectionClass->__construct('config')
#1 /home/burnsdig/public_html/courses/vendor/laravel/framework/src/Illuminate/Container/Container.php(631): Illuminate\Container\Container->build('config')
#2 /home/burnsdig/public_html/courses/vendor/laravel/framework/src/Illuminate/Container/Container.php(586): Illuminate\Container\Container->resolve('config', Array)
#3 /home/burnsdig/public_html/courses/vendor/laravel/framework/src/Illuminate/Foundation/Application.php(732): Illuminate\Container\Container->make('config', Array)
#4 /home/burnsdig/public_html/courses/vendor/laravel/framework/src/Illuminate/Foundation/helpers.php(110): Illuminate\Foundation\Application->make('config', Array)
#5 /home/burnsdig/public_html/courses/vendor/larav in /home/burnsdig/public_html/courses/vendor/laravel/framework/src/Illuminate/Container/Container.php on line 752
[29-Apr-2018 16:11:00 UTC] PHP Fatal error:  Uncaught ReflectionException: Class config does not exist in /home/burnsdig/public_html/courses/vendor/laravel/framework/src/Illuminate/Container/Container.php:752
Stack trace:
#0 /home/burnsdig/public_html/courses/vendor/laravel/framework/src/Illuminate/Container/Container.php(752): ReflectionClass->__construct('config')
#1 /home/burnsdig/public_html/courses/vendor/laravel/framework/src/Illuminate/Container/Container.php(631): Illuminate\Container\Container->build('config')
#2 /home/burnsdig/public_html/courses/vendor/laravel/framework/src/Illuminate/Container/Container.php(586): Illuminate\Container\Container->resolve('config', Array)
#3 /home/burnsdig/public_html/courses/vendor/laravel/framework/src/Illuminate/Foundation/Application.php(732): Illuminate\Container\Container->make('config', Array)
#4 /home/burnsdig/public_html/courses/vendor/laravel/framework/src/Illuminate/Foundation/helpers.php(110): Illuminate\Foundation\Application->make('config', Array)
#5 /home/burnsdig/public_html/courses/vendor/larav in /home/burnsdig/public_html/courses/vendor/laravel/framework/src/Illuminate/Container/Container.php on line 752
